{"/home/travis/build/npmtest/node-npmtest-react-helmet/test.js":{"path":"/home/travis/build/npmtest/node-npmtest-react-helmet/test.js","s":{"1":2,"2":2,"3":2,"4":2,"5":2,"6":2,"7":2,"8":1,"9":2,"10":2,"11":1,"12":1,"13":1,"14":1,"15":2,"16":2,"17":2,"18":2,"19":1,"20":1,"21":2,"22":2,"23":2,"24":1,"25":1,"26":1,"27":1,"28":1,"29":1,"30":1,"31":1,"32":1,"33":1,"34":1,"35":1,"36":1,"37":1,"38":1,"39":2,"40":2,"41":1,"42":2,"43":2,"44":1,"45":2,"46":2,"47":1,"48":2,"49":2,"50":1,"51":1,"52":1,"53":1,"54":1},"b":{"1":[2,1,1,1],"2":[1,1,1,1],"3":[1,1],"4":[1,1],"5":[1,1],"6":[1,1],"7":[1,1],"8":[1,1],"9":[1,1],"10":[1,1,1],"11":[1,1],"12":[1,1],"13":[1,1],"14":[1,1],"15":[1,1],"16":[1,1],"17":[1,1]},"f":{"1":2,"2":2,"3":2,"4":2,"5":2,"6":1,"7":1,"8":1,"9":2,"10":2,"11":2,"12":2,"13":1},"fnMap":{"1":{"name":"(anonymous_1)","line":12,"loc":{"start":{"line":12,"column":1},"end":{"line":12,"column":13}}},"2":{"name":"(anonymous_2)","line":19,"loc":{"start":{"line":19,"column":5},"end":{"line":19,"column":17}}},"3":{"name":"(anonymous_3)","line":23,"loc":{"start":{"line":23,"column":24},"end":{"line":23,"column":36}}},"4":{"name":"(anonymous_4)","line":61,"loc":{"start":{"line":61,"column":5},"end":{"line":61,"column":17}}},"5":{"name":"(anonymous_5)","line":82,"loc":{"start":{"line":82,"column":5},"end":{"line":82,"column":17}}},"6":{"name":"(anonymous_6)","line":91,"loc":{"start":{"line":91,"column":77},"end":{"line":94,"column":10}}},"7":{"name":"(anonymous_7)","line":112,"loc":{"start":{"line":112,"column":83},"end":{"line":115,"column":10}},"skip":true},"8":{"name":"(anonymous_8)","line":123,"loc":{"start":{"line":123,"column":77},"end":{"line":126,"column":10}},"skip":true},"9":{"name":"(anonymous_9)","line":139,"loc":{"start":{"line":139,"column":12},"end":{"line":139,"column":40}},"skip":true},"10":{"name":"(anonymous_10)","line":147,"loc":{"start":{"line":147,"column":77},"end":{"line":150,"column":10}},"skip":true},"11":{"name":"(anonymous_11)","line":158,"loc":{"start":{"line":158,"column":83},"end":{"line":161,"column":10}},"skip":true},"12":{"name":"(anonymous_12)","line":169,"loc":{"start":{"line":169,"column":79},"end":{"line":172,"column":10}},"skip":true},"13":{"name":"(anonymous_13)","line":180,"loc":{"start":{"line":180,"column":75},"end":{"line":183,"column":10}},"skip":true}},"statementMap":{"1":{"start":{"line":12,"column":0},"end":{"line":195,"column":5}},"2":{"start":{"line":14,"column":4},"end":{"line":14,"column":14}},"3":{"start":{"line":19,"column":4},"end":{"line":56,"column":9}},"4":{"start":{"line":21,"column":8},"end":{"line":21,"column":19}},"5":{"start":{"line":23,"column":8},"end":{"line":35,"column":13}},"6":{"start":{"line":24,"column":12},"end":{"line":34,"column":13}},"7":{"start":{"line":25,"column":16},"end":{"line":28,"column":30}},"8":{"start":{"line":30,"column":16},"end":{"line":33,"column":27}},"9":{"start":{"line":37,"column":8},"end":{"line":39,"column":21}},"10":{"start":{"line":40,"column":8},"end":{"line":53,"column":9}},"11":{"start":{"line":43,"column":12},"end":{"line":46,"column":14}},"12":{"start":{"line":47,"column":12},"end":{"line":47,"column":18}},"13":{"start":{"line":50,"column":12},"end":{"line":51,"column":46}},"14":{"start":{"line":52,"column":12},"end":{"line":52,"column":18}},"15":{"start":{"line":55,"column":8},"end":{"line":55,"column":35}},"16":{"start":{"line":61,"column":4},"end":{"line":63,"column":9}},"17":{"start":{"line":62,"column":8},"end":{"line":62,"column":15}},"18":{"start":{"line":64,"column":4},"end":{"line":77,"column":5}},"19":{"start":{"line":70,"column":8},"end":{"line":70,"column":14}},"20":{"start":{"line":76,"column":8},"end":{"line":76,"column":14}},"21":{"start":{"line":82,"column":4},"end":{"line":84,"column":9}},"22":{"start":{"line":83,"column":8},"end":{"line":83,"column":15}},"23":{"start":{"line":85,"column":4},"end":{"line":194,"column":5}},"24":{"start":{"line":91,"column":8},"end":{"line":99,"column":10}},"25":{"start":{"line":98,"column":12},"end":{"line":98,"column":35}},"26":{"start":{"line":102,"column":8},"end":{"line":104,"column":63}},"27":{"start":{"line":105,"column":8},"end":{"line":105,"column":14}},"28":{"start":{"line":112,"column":8},"end":{"line":121,"column":10},"skip":true},"29":{"start":{"line":119,"column":12},"end":{"line":119,"column":55},"skip":true},"30":{"start":{"line":120,"column":12},"end":{"line":120,"column":48},"skip":true},"31":{"start":{"line":123,"column":8},"end":{"line":136,"column":10},"skip":true},"32":{"start":{"line":130,"column":12},"end":{"line":130,"column":76},"skip":true},"33":{"start":{"line":131,"column":12},"end":{"line":131,"column":73},"skip":true},"34":{"start":{"line":132,"column":12},"end":{"line":132,"column":74},"skip":true},"35":{"start":{"line":133,"column":12},"end":{"line":133,"column":79},"skip":true},"36":{"start":{"line":134,"column":12},"end":{"line":134,"column":25},"skip":true},"37":{"start":{"line":135,"column":12},"end":{"line":135,"column":45},"skip":true},"38":{"start":{"line":138,"column":8},"end":{"line":145,"column":14},"skip":true},"39":{"start":{"line":143,"column":16},"end":{"line":143,"column":29},"skip":true},"40":{"start":{"line":144,"column":16},"end":{"line":144,"column":55},"skip":true},"41":{"start":{"line":147,"column":8},"end":{"line":156,"column":10},"skip":true},"42":{"start":{"line":154,"column":12},"end":{"line":154,"column":25},"skip":true},"43":{"start":{"line":155,"column":12},"end":{"line":155,"column":45},"skip":true},"44":{"start":{"line":158,"column":8},"end":{"line":167,"column":10},"skip":true},"45":{"start":{"line":165,"column":12},"end":{"line":165,"column":25},"skip":true},"46":{"start":{"line":166,"column":12},"end":{"line":166,"column":48},"skip":true},"47":{"start":{"line":169,"column":8},"end":{"line":178,"column":10},"skip":true},"48":{"start":{"line":176,"column":12},"end":{"line":176,"column":25},"skip":true},"49":{"start":{"line":177,"column":12},"end":{"line":177,"column":46},"skip":true},"50":{"start":{"line":180,"column":8},"end":{"line":189,"column":10},"skip":true},"51":{"start":{"line":187,"column":12},"end":{"line":187,"column":94},"skip":true},"52":{"start":{"line":188,"column":12},"end":{"line":188,"column":48},"skip":true},"53":{"start":{"line":192,"column":8},"end":{"line":192,"column":35},"skip":true},"54":{"start":{"line":193,"column":8},"end":{"line":193,"column":14},"skip":true}},"branchMap":{"1":{"line":25,"type":"binary-expr","locations":[{"start":{"line":25,"column":23},"end":{"line":25,"column":62}},{"start":{"line":26,"column":20},"end":{"line":26,"column":70}},{"start":{"line":27,"column":20},"end":{"line":27,"column":71}},{"start":{"line":28,"column":20},"end":{"line":28,"column":29}}]},"2":{"line":30,"type":"binary-expr","locations":[{"start":{"line":30,"column":23},"end":{"line":30,"column":37}},{"start":{"line":31,"column":20},"end":{"line":31,"column":61}},{"start":{"line":32,"column":20},"end":{"line":32,"column":70}},{"start":{"line":33,"column":20},"end":{"line":33,"column":26}}]},"3":{"line":37,"type":"cond-expr","locations":[{"start":{"line":38,"column":14},"end":{"line":38,"column":20}},{"start":{"line":39,"column":14},"end":{"line":39,"column":20}}]},"4":{"line":40,"type":"switch","locations":[{"start":{"line":42,"column":8},"end":{"line":47,"column":18}},{"start":{"line":49,"column":8},"end":{"line":52,"column":18}}]},"5":{"line":44,"type":"binary-expr","locations":[{"start":{"line":44,"column":16},"end":{"line":44,"column":44}},{"start":{"line":44,"column":48},"end":{"line":44,"column":66}}]},"6":{"line":50,"type":"binary-expr","locations":[{"start":{"line":50,"column":21},"end":{"line":50,"column":49}},{"start":{"line":50,"column":53},"end":{"line":50,"column":72}}]},"7":{"line":64,"type":"switch","locations":[{"start":{"line":69,"column":4},"end":{"line":70,"column":14}},{"start":{"line":75,"column":4},"end":{"line":76,"column":14}}]},"8":{"line":85,"type":"switch","locations":[{"start":{"line":90,"column":4},"end":{"line":105,"column":14}},{"start":{"line":111,"column":4},"end":{"line":193,"column":14},"skip":true}]},"9":{"line":91,"type":"binary-expr","locations":[{"start":{"line":91,"column":42},"end":{"line":91,"column":73}},{"start":{"line":91,"column":77},"end":{"line":99,"column":9}}]},"10":{"line":102,"type":"binary-expr","locations":[{"start":{"line":102,"column":18},"end":{"line":102,"column":32}},{"start":{"line":103,"column":12},"end":{"line":103,"column":53}},{"start":{"line":104,"column":12},"end":{"line":104,"column":61}}]},"11":{"line":112,"type":"binary-expr","locations":[{"start":{"line":112,"column":45},"end":{"line":112,"column":79},"skip":true},{"start":{"line":112,"column":83},"end":{"line":121,"column":9},"skip":true}]},"12":{"line":123,"type":"binary-expr","locations":[{"start":{"line":123,"column":42},"end":{"line":123,"column":73},"skip":true},{"start":{"line":123,"column":77},"end":{"line":136,"column":9},"skip":true}]},"13":{"line":138,"type":"binary-expr","locations":[{"start":{"line":138,"column":48},"end":{"line":138,"column":85},"skip":true},{"start":{"line":139,"column":12},"end":{"line":145,"column":13},"skip":true}]},"14":{"line":147,"type":"binary-expr","locations":[{"start":{"line":147,"column":42},"end":{"line":147,"column":73},"skip":true},{"start":{"line":147,"column":77},"end":{"line":156,"column":9},"skip":true}]},"15":{"line":158,"type":"binary-expr","locations":[{"start":{"line":158,"column":45},"end":{"line":158,"column":79},"skip":true},{"start":{"line":158,"column":83},"end":{"line":167,"column":9},"skip":true}]},"16":{"line":169,"type":"binary-expr","locations":[{"start":{"line":169,"column":43},"end":{"line":169,"column":75},"skip":true},{"start":{"line":169,"column":79},"end":{"line":178,"column":9},"skip":true}]},"17":{"line":180,"type":"binary-expr","locations":[{"start":{"line":180,"column":41},"end":{"line":180,"column":71},"skip":true},{"start":{"line":180,"column":75},"end":{"line":189,"column":9},"skip":true}]}},"code":["/* istanbul instrument in package npmtest_react_helmet */","/*jslint","    bitwise: true,","    browser: true,","    maxerr: 8,","    maxlen: 96,","    node: true,","    nomen: true,","    regexp: true,","    stupid: true","*/","(function () {","    'use strict';","    var local;","","","","    // run shared js-env code - pre-init","    (function () {","        // init local","        local = {};","        // init modeJs","        local.modeJs = (function () {","            try {","                return typeof navigator.userAgent === 'string' &&","                    typeof document.querySelector('body') === 'object' &&","                    typeof XMLHttpRequest.prototype.open === 'function' &&","                    'browser';","            } catch (errorCaughtBrowser) {","                return module.exports &&","                    typeof process.versions.node === 'string' &&","                    typeof require('http').createServer === 'function' &&","                    'node';","            }","        }());","        // init global","        local.global = local.modeJs === 'browser'","            ? window","            : global;","        switch (local.modeJs) {","        // re-init local from window.local","        case 'browser':","            local = local.global.utility2.objectSetDefault(","                local.global.utility2_rollup || local.global.local,","                local.global.utility2","            );","            break;","        // re-init local from example.js","        case 'node':","            local = (local.global.utility2_rollup || require('utility2'))","                .requireExampleJsFromReadme();","            break;","        }","        // export local","        local.global.local = local;","    }());","","","","    // run shared js-env code - function","    (function () {","        return;","    }());","    switch (local.modeJs) {","","","","    // run browser js-env code - function","    case 'browser':","        break;","","","","    // run node js-env code - function","    case 'node':","        break;","    }","","","","    // run shared js-env code - post-init","    (function () {","        return;","    }());","    switch (local.modeJs) {","","","","    // run browser js-env code - post-init","    case 'browser':","        local.testCase_browser_nullCase = local.testCase_browser_nullCase || function (","            options,","            onError","        ) {","        /*","         * this function will test browsers's null-case handling-behavior-behavior","         */","            onError(null, options);","        };","","        // run tests","        local.nop(local.modeTest &&","            document.querySelector('#testRunButton1') &&","            document.querySelector('#testRunButton1').click());","        break;","","","","    // run node js-env code - post-init","    /* istanbul ignore next */","    case 'node':","        local.testCase_buildApidoc_default = local.testCase_buildApidoc_default || function (","            options,","            onError","        ) {","        /*","         * this function will test buildApidoc's default handling-behavior-behavior","         */","            options = { modulePathList: module.paths };","            local.buildApidoc(options, onError);","        };","","        local.testCase_buildApp_default = local.testCase_buildApp_default || function (","            options,","            onError","        ) {","        /*","         * this function will test buildApp's default handling-behavior-behavior","         */","            local.testCase_buildReadme_default(options, local.onErrorThrow);","            local.testCase_buildLib_default(options, local.onErrorThrow);","            local.testCase_buildTest_default(options, local.onErrorThrow);","            local.testCase_buildCustomOrg_default(options, local.onErrorThrow);","            options = [];","            local.buildApp(options, onError);","        };","","        local.testCase_buildCustomOrg_default = local.testCase_buildCustomOrg_default ||","            function (options, onError) {","            /*","             * this function will test buildCustomOrg's default handling-behavior","             */","                options = {};","                local.buildCustomOrg(options, onError);","            };","","        local.testCase_buildLib_default = local.testCase_buildLib_default || function (","            options,","            onError","        ) {","        /*","         * this function will test buildLib's default handling-behavior","         */","            options = {};","            local.buildLib(options, onError);","        };","","        local.testCase_buildReadme_default = local.testCase_buildReadme_default || function (","            options,","            onError","        ) {","        /*","         * this function will test buildReadme's default handling-behavior-behavior","         */","            options = {};","            local.buildReadme(options, onError);","        };","","        local.testCase_buildTest_default = local.testCase_buildTest_default || function (","            options,","            onError","        ) {","        /*","         * this function will test buildTest's default handling-behavior","         */","            options = {};","            local.buildTest(options, onError);","        };","","        local.testCase_webpage_default = local.testCase_webpage_default || function (","            options,","            onError","        ) {","        /*","         * this function will test webpage's default handling-behavior","         */","            options = { modeCoverageMerge: true, url: local.serverLocalHost + '?modeTest=1' };","            local.browserTest(options, onError);","        };","","        // run test-server","        local.testRunServer(local);","        break;","    }","}());",""],"l":{"12":2,"14":2,"19":2,"21":2,"23":2,"24":2,"25":2,"30":1,"37":2,"40":2,"43":1,"47":1,"50":1,"52":1,"55":2,"61":2,"62":2,"64":2,"70":1,"76":1,"82":2,"83":2,"85":2,"91":1,"98":1,"102":1,"105":1,"112":1,"119":1,"120":1,"123":1,"130":1,"131":1,"132":1,"133":1,"134":1,"135":1,"138":1,"143":2,"144":2,"147":1,"154":2,"155":2,"158":1,"165":2,"166":2,"169":1,"176":2,"177":2,"180":1,"187":1,"188":1,"192":1,"193":1}},"/home/travis/build/npmtest/node-npmtest-react-helmet/lib.npmtest_react_helmet.js":{"path":"/home/travis/build/npmtest/node-npmtest-react-helmet/lib.npmtest_react_helmet.js","s":{"1":2,"2":2,"3":2,"4":2,"5":2,"6":2,"7":2,"8":1,"9":2,"10":2,"11":2,"12":2,"13":1,"14":1,"15":1,"16":1},"b":{"1":[2,1,1,1],"2":[1,1,1,1],"3":[1,1],"4":[2,2],"5":[1,1]},"f":{"1":2,"2":2,"3":2},"fnMap":{"1":{"name":"(anonymous_1)","line":12,"loc":{"start":{"line":12,"column":1},"end":{"line":12,"column":13}}},"2":{"name":"(anonymous_2)","line":19,"loc":{"start":{"line":19,"column":5},"end":{"line":19,"column":17}}},"3":{"name":"(anonymous_3)","line":23,"loc":{"start":{"line":23,"column":24},"end":{"line":23,"column":36}}}},"statementMap":{"1":{"start":{"line":12,"column":0},"end":{"line":53,"column":5}},"2":{"start":{"line":14,"column":4},"end":{"line":14,"column":14}},"3":{"start":{"line":19,"column":4},"end":{"line":52,"column":9}},"4":{"start":{"line":21,"column":8},"end":{"line":21,"column":19}},"5":{"start":{"line":23,"column":8},"end":{"line":35,"column":13}},"6":{"start":{"line":24,"column":12},"end":{"line":34,"column":13}},"7":{"start":{"line":25,"column":16},"end":{"line":28,"column":30}},"8":{"start":{"line":30,"column":16},"end":{"line":33,"column":27}},"9":{"start":{"line":37,"column":8},"end":{"line":39,"column":21}},"10":{"start":{"line":41,"column":8},"end":{"line":41,"column":54}},"11":{"start":{"line":43,"column":8},"end":{"line":43,"column":57}},"12":{"start":{"line":45,"column":8},"end":{"line":51,"column":9}},"13":{"start":{"line":46,"column":12},"end":{"line":46,"column":63}},"14":{"start":{"line":48,"column":12},"end":{"line":48,"column":35}},"15":{"start":{"line":49,"column":12},"end":{"line":49,"column":49}},"16":{"start":{"line":50,"column":12},"end":{"line":50,"column":43}}},"branchMap":{"1":{"line":25,"type":"binary-expr","locations":[{"start":{"line":25,"column":23},"end":{"line":25,"column":62}},{"start":{"line":26,"column":20},"end":{"line":26,"column":70}},{"start":{"line":27,"column":20},"end":{"line":27,"column":71}},{"start":{"line":28,"column":20},"end":{"line":28,"column":29}}]},"2":{"line":30,"type":"binary-expr","locations":[{"start":{"line":30,"column":23},"end":{"line":30,"column":37}},{"start":{"line":31,"column":20},"end":{"line":31,"column":61}},{"start":{"line":32,"column":20},"end":{"line":32,"column":70}},{"start":{"line":33,"column":20},"end":{"line":33,"column":26}}]},"3":{"line":37,"type":"cond-expr","locations":[{"start":{"line":38,"column":14},"end":{"line":38,"column":20}},{"start":{"line":39,"column":14},"end":{"line":39,"column":20}}]},"4":{"line":41,"type":"binary-expr","locations":[{"start":{"line":41,"column":16},"end":{"line":41,"column":44}},{"start":{"line":41,"column":48},"end":{"line":41,"column":53}}]},"5":{"line":45,"type":"if","locations":[{"start":{"line":45,"column":8},"end":{"line":45,"column":8}},{"start":{"line":45,"column":8},"end":{"line":45,"column":8}}]}},"code":["/* istanbul instrument in package npmtest_react_helmet */","/*jslint","    bitwise: true,","    browser: true,","    maxerr: 8,","    maxlen: 96,","    node: true,","    nomen: true,","    regexp: true,","    stupid: true","*/","(function () {","    'use strict';","    var local;","","","","    // run shared js-env code - pre-init","    (function () {","        // init local","        local = {};","        // init modeJs","        local.modeJs = (function () {","            try {","                return typeof navigator.userAgent === 'string' &&","                    typeof document.querySelector('body') === 'object' &&","                    typeof XMLHttpRequest.prototype.open === 'function' &&","                    'browser';","            } catch (errorCaughtBrowser) {","                return module.exports &&","                    typeof process.versions.node === 'string' &&","                    typeof require('http').createServer === 'function' &&","                    'node';","            }","        }());","        // init global","        local.global = local.modeJs === 'browser'","            ? window","            : global;","        // init utility2_rollup","        local = local.global.utility2_rollup || local;","        // init lib","        local.local = local.npmtest_react_helmet = local;","        // init exports","        if (local.modeJs === 'browser') {","            local.global.utility2_npmtest_react_helmet = local;","        } else {","            module.exports = local;","            module.exports.__dirname = __dirname;","            module.exports.module = module;","        }","    }());","}());",""],"l":{"12":2,"14":2,"19":2,"21":2,"23":2,"24":2,"25":2,"30":1,"37":2,"41":2,"43":2,"45":2,"46":1,"48":1,"49":1,"50":1}},"/home/travis/build/npmtest/node-npmtest-react-helmet/example.js":{"path":"/home/travis/build/npmtest/node-npmtest-react-helmet/example.js","s":{"1":2,"2":2,"3":2,"4":2,"5":2,"6":2,"7":2,"8":1,"9":2,"10":2,"11":2,"12":2,"13":1,"14":2,"15":2,"16":2,"17":2,"18":2,"19":0,"20":2,"21":1,"22":1,"23":1,"24":1,"25":1,"26":0,"27":0,"28":1,"29":1,"30":2,"31":0,"32":0,"33":0,"34":1,"35":2,"36":2,"37":3,"38":3,"39":3,"40":3,"41":0,"42":3,"43":3,"44":3,"45":1,"46":3,"47":1,"48":1,"49":1,"50":1,"51":1,"52":1,"53":1,"54":1,"55":1,"56":1,"57":0,"58":1,"59":6,"60":6,"61":1,"62":2,"63":0,"64":2,"65":1,"66":1,"67":0,"68":0,"69":0,"70":0,"71":0,"72":0,"73":0,"74":0,"75":0,"76":0,"77":0,"78":0,"79":0,"80":0,"81":0,"82":0,"83":0},"b":{"1":[2,1,1,1],"2":[1,1,1,1],"3":[1,1],"4":[2,2],"5":[1,1],"6":[1,1],"7":[2,0],"8":[2,1,1,1,1,1],"9":[0,2,0],"10":[1,1],"11":[2,1,1],"12":[1,0],"13":[0,2],"14":[2,0,0,0,0,0,0],"15":[0,3],"16":[3,0],"17":[1,1],"18":[0,1],"19":[1,2,0,2],"20":[1,0],"21":[1,1],"22":[0,0],"23":[0,0],"24":[0,0],"25":[0,0],"26":[0,0],"27":[0,0],"28":[0,0]},"f":{"1":2,"2":2,"3":2,"4":2,"5":2,"6":2,"7":3,"8":3,"9":3,"10":1,"11":6,"12":0},"fnMap":{"1":{"name":"(anonymous_1)","line":26,"loc":{"start":{"line":26,"column":1},"end":{"line":26,"column":13}}},"2":{"name":"(anonymous_2)","line":33,"loc":{"start":{"line":33,"column":5},"end":{"line":33,"column":17}}},"3":{"name":"(anonymous_3)","line":37,"loc":{"start":{"line":37,"column":24},"end":{"line":37,"column":36}}},"4":{"name":"(anonymous_4)","line":69,"loc":{"start":{"line":69,"column":31},"end":{"line":69,"column":48}},"skip":true},"5":{"name":"(anonymous_5)","line":78,"loc":{"start":{"line":78,"column":26},"end":{"line":78,"column":45}},"skip":true},"6":{"name":"(anonymous_6)","line":123,"loc":{"start":{"line":123,"column":33},"end":{"line":123,"column":48}},"skip":true},"7":{"name":"(anonymous_7)","line":125,"loc":{"start":{"line":125,"column":27},"end":{"line":125,"column":39}},"skip":true},"8":{"name":"(anonymous_8)","line":133,"loc":{"start":{"line":133,"column":59},"end":{"line":133,"column":74}},"skip":true},"9":{"name":"(anonymous_9)","line":143,"loc":{"start":{"line":143,"column":45},"end":{"line":143,"column":62}},"skip":true},"10":{"name":"(anonymous_10)","line":144,"loc":{"start":{"line":144,"column":73},"end":{"line":144,"column":92}},"skip":true},"11":{"name":"(anonymous_11)","line":272,"loc":{"start":{"line":272,"column":51},"end":{"line":272,"column":77}},"skip":true},"12":{"name":"(anonymous_12)","line":315,"loc":{"start":{"line":315,"column":32},"end":{"line":315,"column":61}},"skip":true}},"statementMap":{"1":{"start":{"line":26,"column":0},"end":{"line":326,"column":5}},"2":{"start":{"line":28,"column":4},"end":{"line":28,"column":14}},"3":{"start":{"line":33,"column":4},"end":{"line":60,"column":9}},"4":{"start":{"line":35,"column":8},"end":{"line":35,"column":19}},"5":{"start":{"line":37,"column":8},"end":{"line":49,"column":13}},"6":{"start":{"line":38,"column":12},"end":{"line":48,"column":13}},"7":{"start":{"line":39,"column":16},"end":{"line":42,"column":30}},"8":{"start":{"line":44,"column":16},"end":{"line":47,"column":27}},"9":{"start":{"line":51,"column":8},"end":{"line":53,"column":21}},"10":{"start":{"line":55,"column":8},"end":{"line":57,"column":45}},"11":{"start":{"line":59,"column":8},"end":{"line":59,"column":35}},"12":{"start":{"line":61,"column":4},"end":{"line":325,"column":5}},"13":{"start":{"line":69,"column":8},"end":{"line":121,"column":10},"skip":true},"14":{"start":{"line":70,"column":12},"end":{"line":88,"column":13},"skip":true},"15":{"start":{"line":76,"column":16},"end":{"line":87,"column":19},"skip":true},"16":{"start":{"line":79,"column":20},"end":{"line":86,"column":21},"skip":true},"17":{"start":{"line":82,"column":24},"end":{"line":82,"column":43},"skip":true},"18":{"start":{"line":83,"column":24},"end":{"line":83,"column":30},"skip":true},"19":{"start":{"line":85,"column":24},"end":{"line":85,"column":49},"skip":true},"20":{"start":{"line":89,"column":12},"end":{"line":107,"column":13},"skip":true},"21":{"start":{"line":92,"column":16},"end":{"line":102,"column":17},"skip":true},"22":{"start":{"line":93,"column":20},"end":{"line":93,"column":86},"skip":true},"23":{"start":{"line":94,"column":20},"end":{"line":95,"column":45},"skip":true},"24":{"start":{"line":96,"column":20},"end":{"line":96,"column":42},"skip":true},"25":{"start":{"line":97,"column":20},"end":{"line":97,"column":48},"skip":true},"26":{"start":{"line":100,"column":20},"end":{"line":100,"column":85},"skip":true},"27":{"start":{"line":101,"column":20},"end":{"line":101,"column":96},"skip":true},"28":{"start":{"line":103,"column":16},"end":{"line":103,"column":22},"skip":true},"29":{"start":{"line":106,"column":16},"end":{"line":106,"column":22},"skip":true},"30":{"start":{"line":108,"column":12},"end":{"line":120,"column":13},"skip":true},"31":{"start":{"line":114,"column":16},"end":{"line":119,"column":17},"skip":true},"32":{"start":{"line":116,"column":20},"end":{"line":116,"column":78},"skip":true},"33":{"start":{"line":118,"column":20},"end":{"line":118,"column":47},"skip":true},"34":{"start":{"line":123,"column":8},"end":{"line":141,"column":11},"skip":true},"35":{"start":{"line":124,"column":12},"end":{"line":124,"column":54},"skip":true},"36":{"start":{"line":125,"column":12},"end":{"line":140,"column":14},"skip":true},"37":{"start":{"line":126,"column":16},"end":{"line":126,"column":28},"skip":true},"38":{"start":{"line":127,"column":16},"end":{"line":127,"column":69},"skip":true},"39":{"start":{"line":128,"column":16},"end":{"line":128,"column":75},"skip":true},"40":{"start":{"line":129,"column":16},"end":{"line":131,"column":17},"skip":true},"41":{"start":{"line":130,"column":20},"end":{"line":130,"column":27},"skip":true},"42":{"start":{"line":133,"column":16},"end":{"line":137,"column":36},"skip":true},"43":{"start":{"line":134,"column":20},"end":{"line":136,"column":55},"skip":true},"44":{"start":{"line":139,"column":16},"end":{"line":139,"column":57},"skip":true},"45":{"start":{"line":143,"column":8},"end":{"line":147,"column":11},"skip":true},"46":{"start":{"line":144,"column":12},"end":{"line":146,"column":15},"skip":true},"47":{"start":{"line":145,"column":16},"end":{"line":145,"column":70},"skip":true},"48":{"start":{"line":149,"column":8},"end":{"line":149,"column":31},"skip":true},"49":{"start":{"line":150,"column":8},"end":{"line":150,"column":14},"skip":true},"50":{"start":{"line":158,"column":8},"end":{"line":158,"column":31},"skip":true},"51":{"start":{"line":160,"column":8},"end":{"line":160,"column":33},"skip":true},"52":{"start":{"line":161,"column":8},"end":{"line":161,"column":37},"skip":true},"53":{"start":{"line":162,"column":8},"end":{"line":162,"column":35},"skip":true},"54":{"start":{"line":164,"column":8},"end":{"line":164,"column":50},"skip":true},"55":{"start":{"line":166,"column":8},"end":{"line":256,"column":2},"skip":true},"56":{"start":{"line":258,"column":8},"end":{"line":286,"column":9},"skip":true},"57":{"start":{"line":259,"column":12},"end":{"line":269,"column":14},"skip":true},"58":{"start":{"line":271,"column":12},"end":{"line":285,"column":19},"skip":true},"59":{"start":{"line":274,"column":20},"end":{"line":274,"column":35},"skip":true},"60":{"start":{"line":275,"column":20},"end":{"line":284,"column":21},"skip":true},"61":{"start":{"line":277,"column":24},"end":{"line":277,"column":64},"skip":true},"62":{"start":{"line":279,"column":24},"end":{"line":279,"column":40},"skip":true},"63":{"start":{"line":281,"column":24},"end":{"line":281,"column":40},"skip":true},"64":{"start":{"line":283,"column":24},"end":{"line":283,"column":39},"skip":true},"65":{"start":{"line":288,"column":8},"end":{"line":290,"column":9},"skip":true},"66":{"start":{"line":289,"column":12},"end":{"line":289,"column":18},"skip":true},"67":{"start":{"line":291,"column":8},"end":{"line":293,"column":54},"skip":true},"68":{"start":{"line":296,"column":8},"end":{"line":301,"column":37},"skip":true},"69":{"start":{"line":303,"column":8},"end":{"line":303,"column":82},"skip":true},"70":{"start":{"line":306,"column":8},"end":{"line":308,"column":9},"skip":true},"71":{"start":{"line":307,"column":12},"end":{"line":307,"column":82},"skip":true},"72":{"start":{"line":310,"column":8},"end":{"line":312,"column":9},"skip":true},"73":{"start":{"line":311,"column":12},"end":{"line":311,"column":18},"skip":true},"74":{"start":{"line":313,"column":8},"end":{"line":313,"column":54},"skip":true},"75":{"start":{"line":314,"column":8},"end":{"line":314,"column":69},"skip":true},"76":{"start":{"line":315,"column":8},"end":{"line":323,"column":36},"skip":true},"77":{"start":{"line":316,"column":12},"end":{"line":316,"column":61},"skip":true},"78":{"start":{"line":317,"column":12},"end":{"line":320,"column":13},"skip":true},"79":{"start":{"line":318,"column":16},"end":{"line":318,"column":75},"skip":true},"80":{"start":{"line":319,"column":16},"end":{"line":319,"column":23},"skip":true},"81":{"start":{"line":321,"column":12},"end":{"line":321,"column":38},"skip":true},"82":{"start":{"line":322,"column":12},"end":{"line":322,"column":27},"skip":true},"83":{"start":{"line":324,"column":8},"end":{"line":324,"column":14},"skip":true}},"branchMap":{"1":{"line":39,"type":"binary-expr","locations":[{"start":{"line":39,"column":23},"end":{"line":39,"column":62}},{"start":{"line":40,"column":20},"end":{"line":40,"column":70}},{"start":{"line":41,"column":20},"end":{"line":41,"column":71}},{"start":{"line":42,"column":20},"end":{"line":42,"column":29}}]},"2":{"line":44,"type":"binary-expr","locations":[{"start":{"line":44,"column":23},"end":{"line":44,"column":37}},{"start":{"line":45,"column":20},"end":{"line":45,"column":61}},{"start":{"line":46,"column":20},"end":{"line":46,"column":70}},{"start":{"line":47,"column":20},"end":{"line":47,"column":26}}]},"3":{"line":51,"type":"cond-expr","locations":[{"start":{"line":52,"column":14},"end":{"line":52,"column":20}},{"start":{"line":53,"column":14},"end":{"line":53,"column":20}}]},"4":{"line":55,"type":"binary-expr","locations":[{"start":{"line":55,"column":16},"end":{"line":55,"column":44}},{"start":{"line":55,"column":49},"end":{"line":57,"column":43}}]},"5":{"line":55,"type":"cond-expr","locations":[{"start":{"line":56,"column":14},"end":{"line":56,"column":56}},{"start":{"line":57,"column":14},"end":{"line":57,"column":43}}]},"6":{"line":61,"type":"switch","locations":[{"start":{"line":68,"column":4},"end":{"line":150,"column":14},"skip":true},{"start":{"line":156,"column":4},"end":{"line":324,"column":14},"skip":true}]},"7":{"line":70,"type":"if","locations":[{"start":{"line":70,"column":12},"end":{"line":70,"column":12},"skip":true},{"start":{"line":70,"column":12},"end":{"line":70,"column":12},"skip":true}]},"8":{"line":70,"type":"binary-expr","locations":[{"start":{"line":70,"column":16},"end":{"line":70,"column":22},"skip":true},{"start":{"line":70,"column":27},"end":{"line":70,"column":32},"skip":true},{"start":{"line":71,"column":20},"end":{"line":71,"column":39},"skip":true},{"start":{"line":72,"column":20},"end":{"line":72,"column":49},"skip":true},{"start":{"line":73,"column":20},"end":{"line":73,"column":58},"skip":true},{"start":{"line":74,"column":20},"end":{"line":74,"column":69},"skip":true}]},"9":{"line":79,"type":"switch","locations":[{"start":{"line":80,"column":20},"end":{"line":80,"column":33},"skip":true},{"start":{"line":81,"column":20},"end":{"line":83,"column":30},"skip":true},{"start":{"line":84,"column":20},"end":{"line":85,"column":49},"skip":true}]},"10":{"line":89,"type":"switch","locations":[{"start":{"line":90,"column":12},"end":{"line":103,"column":22},"skip":true},{"start":{"line":105,"column":12},"end":{"line":106,"column":22},"skip":true}]},"11":{"line":89,"type":"binary-expr","locations":[{"start":{"line":89,"column":20},"end":{"line":89,"column":25},"skip":true},{"start":{"line":89,"column":29},"end":{"line":89,"column":48},"skip":true},{"start":{"line":89,"column":52},"end":{"line":89,"column":74},"skip":true}]},"12":{"line":92,"type":"if","locations":[{"start":{"line":92,"column":16},"end":{"line":92,"column":16},"skip":true},{"start":{"line":92,"column":16},"end":{"line":92,"column":16},"skip":true}]},"13":{"line":108,"type":"if","locations":[{"start":{"line":108,"column":12},"end":{"line":108,"column":12},"skip":true},{"start":{"line":108,"column":12},"end":{"line":108,"column":12},"skip":true}]},"14":{"line":108,"type":"binary-expr","locations":[{"start":{"line":108,"column":16},"end":{"line":108,"column":61},"skip":true},{"start":{"line":108,"column":66},"end":{"line":108,"column":72},"skip":true},{"start":{"line":108,"column":77},"end":{"line":108,"column":82},"skip":true},{"start":{"line":109,"column":20},"end":{"line":109,"column":39},"skip":true},{"start":{"line":110,"column":20},"end":{"line":110,"column":49},"skip":true},{"start":{"line":111,"column":20},"end":{"line":111,"column":58},"skip":true},{"start":{"line":112,"column":20},"end":{"line":112,"column":68},"skip":true}]},"15":{"line":129,"type":"if","locations":[{"start":{"line":129,"column":16},"end":{"line":129,"column":16},"skip":true},{"start":{"line":129,"column":16},"end":{"line":129,"column":16},"skip":true}]},"16":{"line":134,"type":"cond-expr","locations":[{"start":{"line":135,"column":26},"end":{"line":135,"column":29},"skip":true},{"start":{"line":136,"column":26},"end":{"line":136,"column":54},"skip":true}]},"17":{"line":164,"type":"binary-expr","locations":[{"start":{"line":164,"column":27},"end":{"line":164,"column":43},"skip":true},{"start":{"line":164,"column":47},"end":{"line":164,"column":49},"skip":true}]},"18":{"line":258,"type":"if","locations":[{"start":{"line":258,"column":8},"end":{"line":258,"column":8},"skip":true},{"start":{"line":258,"column":8},"end":{"line":258,"column":8},"skip":true}]},"19":{"line":275,"type":"switch","locations":[{"start":{"line":276,"column":20},"end":{"line":277,"column":64},"skip":true},{"start":{"line":278,"column":20},"end":{"line":279,"column":40},"skip":true},{"start":{"line":280,"column":20},"end":{"line":281,"column":40},"skip":true},{"start":{"line":282,"column":20},"end":{"line":283,"column":39},"skip":true}]},"20":{"line":288,"type":"if","locations":[{"start":{"line":288,"column":8},"end":{"line":288,"column":8},"skip":true},{"start":{"line":288,"column":8},"end":{"line":288,"column":8},"skip":true}]},"21":{"line":288,"type":"binary-expr","locations":[{"start":{"line":288,"column":12},"end":{"line":288,"column":40},"skip":true},{"start":{"line":288,"column":44},"end":{"line":288,"column":67},"skip":true}]},"22":{"line":292,"type":"binary-expr","locations":[{"start":{"line":292,"column":12},"end":{"line":292,"column":50},"skip":true},{"start":{"line":293,"column":12},"end":{"line":293,"column":53},"skip":true}]},"23":{"line":297,"type":"binary-expr","locations":[{"start":{"line":297,"column":12},"end":{"line":297,"column":70},"skip":true},{"start":{"line":298,"column":12},"end":{"line":301,"column":36},"skip":true}]},"24":{"line":303,"type":"binary-expr","locations":[{"start":{"line":303,"column":43},"end":{"line":303,"column":75},"skip":true},{"start":{"line":303,"column":79},"end":{"line":303,"column":81},"skip":true}]},"25":{"line":306,"type":"if","locations":[{"start":{"line":306,"column":8},"end":{"line":306,"column":8},"skip":true},{"start":{"line":306,"column":8},"end":{"line":306,"column":8},"skip":true}]},"26":{"line":310,"type":"if","locations":[{"start":{"line":310,"column":8},"end":{"line":310,"column":8},"skip":true},{"start":{"line":310,"column":8},"end":{"line":310,"column":8},"skip":true}]},"27":{"line":313,"type":"binary-expr","locations":[{"start":{"line":313,"column":27},"end":{"line":313,"column":43},"skip":true},{"start":{"line":313,"column":47},"end":{"line":313,"column":53},"skip":true}]},"28":{"line":317,"type":"if","locations":[{"start":{"line":317,"column":12},"end":{"line":317,"column":12},"skip":true},{"start":{"line":317,"column":12},"end":{"line":317,"column":12},"skip":true}]}},"code":["/*","example.js","","quickstart example","","instruction","    1. save this script as example.js","    2. run the shell command:","        $ npm install npmtest-react-helmet && PORT=8081 node example.js","    3. play with the browser-demo on http://127.0.0.1:8081","*/","","","","/* istanbul instrument in package npmtest_react_helmet */","/*jslint","    bitwise: true,","    browser: true,","    maxerr: 8,","    maxlen: 96,","    node: true,","    nomen: true,","    regexp: true,","    stupid: true","*/","(function () {","    'use strict';","    var local;","","","","    // run shared js-env code - pre-init","    (function () {","        // init local","        local = {};","        // init modeJs","        local.modeJs = (function () {","            try {","                return typeof navigator.userAgent === 'string' &&","                    typeof document.querySelector('body') === 'object' &&","                    typeof XMLHttpRequest.prototype.open === 'function' &&","                    'browser';","            } catch (errorCaughtBrowser) {","                return module.exports &&","                    typeof process.versions.node === 'string' &&","                    typeof require('http').createServer === 'function' &&","                    'node';","            }","        }());","        // init global","        local.global = local.modeJs === 'browser'","            ? window","            : global;","        // init utility2_rollup","        local = local.global.utility2_rollup || (local.modeJs === 'browser'","            ? local.global.utility2_npmtest_react_helmet","            : global.utility2_moduleExports);","        // export local","        local.global.local = local;","    }());","    switch (local.modeJs) {","","","","    // post-init","    // run browser js-env code - post-init","    /* istanbul ignore next */","    case 'browser':","        local.testRunBrowser = function (event) {","            if (!event || (event &&","                    event.currentTarget &&","                    event.currentTarget.className &&","                    event.currentTarget.className.includes &&","                    event.currentTarget.className.includes('onreset'))) {","                // reset output","                Array.from(","                    document.querySelectorAll('body > .resettable')","                ).forEach(function (element) {","                    switch (element.tagName) {","                    case 'INPUT':","                    case 'TEXTAREA':","                        element.value = '';","                        break;","                    default:","                        element.textContent = '';","                    }","                });","            }","            switch (event && event.currentTarget && event.currentTarget.id) {","            case 'testRunButton1':","                // show tests","                if (document.querySelector('#testReportDiv1').style.display === 'none') {","                    document.querySelector('#testReportDiv1').style.display = 'block';","                    document.querySelector('#testRunButton1').textContent =","                        'hide internal test';","                    local.modeTest = true;","                    local.testRunDefault(local);","                // hide tests","                } else {","                    document.querySelector('#testReportDiv1').style.display = 'none';","                    document.querySelector('#testRunButton1').textContent = 'run internal test';","                }","                break;","            // custom-case","            default:","                break;","            }","            if (document.querySelector('#inputTextareaEval1') && (!event || (event &&","                    event.currentTarget &&","                    event.currentTarget.className &&","                    event.currentTarget.className.includes &&","                    event.currentTarget.className.includes('oneval')))) {","                // try to eval input-code","                try {","                    /*jslint evil: true*/","                    eval(document.querySelector('#inputTextareaEval1').value);","                } catch (errorCaught) {","                    console.error(errorCaught);","                }","            }","        };","        // log stderr and stdout to #outputTextareaStdout1","        ['error', 'log'].forEach(function (key) {","            console[key + '_original'] = console[key];","            console[key] = function () {","                var element;","                console[key + '_original'].apply(console, arguments);","                element = document.querySelector('#outputTextareaStdout1');","                if (!element) {","                    return;","                }","                // append text to #outputTextareaStdout1","                element.value += Array.from(arguments).map(function (arg) {","                    return typeof arg === 'string'","                        ? arg","                        : JSON.stringify(arg, null, 4);","                }).join(' ') + '\\n';","                // scroll textarea to bottom","                element.scrollTop = element.scrollHeight;","            };","        });","        // init event-handling","        ['change', 'click', 'keyup'].forEach(function (event) {","            Array.from(document.querySelectorAll('.on' + event)).forEach(function (element) {","                element.addEventListener(event, local.testRunBrowser);","            });","        });","        // run tests","        local.testRunBrowser();","        break;","","","","    // run node js-env code - post-init","    /* istanbul ignore next */","    case 'node':","        // export local","        module.exports = local;","        // require modules","        local.fs = require('fs');","        local.http = require('http');","        local.url = require('url');","        // init assets","        local.assetsDict = local.assetsDict || {};","        /* jslint-ignore-begin */","        local.assetsDict['/assets.index.template.html'] = '\\","<!doctype html>\\n\\","<html lang=\"en\">\\n\\","<head>\\n\\","<meta charset=\"UTF-8\">\\n\\","<meta name=\"viewport\" content=\"width=device-width, initial-scale=1\">\\n\\","<title>{{env.npm_package_name}} (v{{env.npm_package_version}})</title>\\n\\","<style>\\n\\","/*csslint\\n\\","    box-sizing: false,\\n\\","    universal-selector: false\\n\\","*/\\n\\","* {\\n\\","    box-sizing: border-box;\\n\\","}\\n\\","body {\\n\\","    background: #dde;\\n\\","    font-family: Arial, Helvetica, sans-serif;\\n\\","    margin: 2rem;\\n\\","}\\n\\","body > * {\\n\\","    margin-bottom: 1rem;\\n\\","}\\n\\",".utility2FooterDiv {\\n\\","    margin-top: 20px;\\n\\","    text-align: center;\\n\\","}\\n\\","</style>\\n\\","<style>\\n\\","/*csslint\\n\\","*/\\n\\","textarea {\\n\\","    font-family: monospace;\\n\\","    height: 10rem;\\n\\","    width: 100%;\\n\\","}\\n\\","textarea[readonly] {\\n\\","    background: #ddd;\\n\\","}\\n\\","</style>\\n\\","</head>\\n\\","<body>\\n\\","<!-- utility2-comment\\n\\","<div id=\"ajaxProgressDiv1\" style=\"background: #d00; height: 2px; left: 0; margin: 0; padding: 0; position: fixed; top: 0; transition: background 0.5s, width 1.5s; width: 25%;\"></div>\\n\\","utility2-comment -->\\n\\","<h1>\\n\\","<!-- utility2-comment\\n\\","    <a\\n\\","        {{#if env.npm_package_homepage}}\\n\\","        href=\"{{env.npm_package_homepage}}\"\\n\\","        {{/if env.npm_package_homepage}}\\n\\","        target=\"_blank\"\\n\\","    >\\n\\","utility2-comment -->\\n\\","        {{env.npm_package_name}} (v{{env.npm_package_version}})\\n\\","<!-- utility2-comment\\n\\","    </a>\\n\\","utility2-comment -->\\n\\","</h1>\\n\\","<h3>{{env.npm_package_description}}</h3>\\n\\","<!-- utility2-comment\\n\\","<h4><a download href=\"assets.app.js\">download standalone app</a></h4>\\n\\","<button class=\"onclick onreset\" id=\"testRunButton1\">run internal test</button><br>\\n\\","<div id=\"testReportDiv1\" style=\"display: none;\"></div>\\n\\","utility2-comment -->\\n\\","\\n\\","\\n\\","\\n\\","<label>stderr and stdout</label>\\n\\","<textarea class=\"resettable\" id=\"outputTextareaStdout1\" readonly></textarea>\\n\\","<!-- utility2-comment\\n\\","{{#if isRollup}}\\n\\","<script src=\"assets.app.js\"></script>\\n\\","{{#unless isRollup}}\\n\\","utility2-comment -->\\n\\","<script src=\"assets.utility2.rollup.js\"></script>\\n\\","<script src=\"jsonp.utility2._stateInit?callback=window.utility2._stateInit\"></script>\\n\\","<script src=\"assets.npmtest_react_helmet.rollup.js\"></script>\\n\\","<script src=\"assets.example.js\"></script>\\n\\","<script src=\"assets.test.js\"></script>\\n\\","<!-- utility2-comment\\n\\","{{/if isRollup}}\\n\\","utility2-comment -->\\n\\","<div class=\"utility2FooterDiv\">\\n\\","    [ this app was created with\\n\\","    <a href=\"https://github.com/kaizhu256/node-utility2\" target=\"_blank\">utility2</a>\\n\\","    ]\\n\\","</div>\\n\\","</body>\\n\\","</html>\\n\\","';","        /* jslint-ignore-end */","        if (local.templateRender) {","            local.assetsDict['/'] = local.templateRender(","                local.assetsDict['/assets.index.template.html'],","                {","                    env: local.objectSetDefault(local.env, {","                        npm_package_description: 'the greatest app in the world!',","                        npm_package_name: 'my-app',","                        npm_package_nameAlias: 'my_app',","                        npm_package_version: '0.0.1'","                    })","                }","            );","        } else {","            local.assetsDict['/'] = local.assetsDict['/assets.index.template.html']","                .replace((/\\{\\{env\\.(\\w+?)\\}\\}/g), function (match0, match1) {","                    // jslint-hack","                    String(match0);","                    switch (match1) {","                    case 'npm_package_description':","                        return 'the greatest app in the world!';","                    case 'npm_package_name':","                        return 'my-app';","                    case 'npm_package_nameAlias':","                        return 'my_app';","                    case 'npm_package_version':","                        return '0.0.1';","                    }","                });","        }","        // run the cli","        if (local.global.utility2_rollup || module !== require.main) {","            break;","        }","        local.assetsDict['/assets.example.js'] =","            local.assetsDict['/assets.example.js'] ||","            local.fs.readFileSync(__filename, 'utf8');","        // bug-workaround - long $npm_package_buildCustomOrg","        /* jslint-ignore-begin */","        local.assetsDict['/assets.npmtest_react_helmet.rollup.js'] =","            local.assetsDict['/assets.npmtest_react_helmet.rollup.js'] ||","            local.fs.readFileSync(","                local.npmtest_react_helmet.__dirname + '/lib.npmtest_react_helmet.js',","                'utf8'","            ).replace((/^#!/), '//');","        /* jslint-ignore-end */","        local.assetsDict['/favicon.ico'] = local.assetsDict['/favicon.ico'] || '';","        // if $npm_config_timeout_exit exists,","        // then exit this process after $npm_config_timeout_exit ms","        if (Number(process.env.npm_config_timeout_exit)) {","            setTimeout(process.exit, Number(process.env.npm_config_timeout_exit));","        }","        // start server","        if (local.global.utility2_serverHttp1) {","            break;","        }","        process.env.PORT = process.env.PORT || '8081';","        console.error('server starting on port ' + process.env.PORT);","        local.http.createServer(function (request, response) {","            request.urlParsed = local.url.parse(request.url);","            if (local.assetsDict[request.urlParsed.pathname] !== undefined) {","                response.end(local.assetsDict[request.urlParsed.pathname]);","                return;","            }","            response.statusCode = 404;","            response.end();","        }).listen(process.env.PORT);","        break;","    }","}());",""],"l":{"26":2,"28":2,"33":2,"35":2,"37":2,"38":2,"39":2,"44":1,"51":2,"55":2,"59":2,"61":2,"69":1,"70":2,"76":2,"79":2,"82":2,"83":2,"85":1,"89":2,"92":1,"93":1,"94":1,"96":1,"97":1,"100":1,"101":1,"103":1,"106":1,"108":2,"114":1,"116":1,"118":1,"123":1,"124":2,"125":2,"126":3,"127":3,"128":3,"129":3,"130":1,"133":3,"134":3,"139":3,"143":1,"144":3,"145":1,"149":1,"150":1,"158":1,"160":1,"161":1,"162":1,"164":1,"166":1,"258":1,"259":1,"271":1,"274":6,"275":6,"277":1,"279":2,"281":1,"283":2,"288":1,"289":1,"291":1,"296":1,"303":1,"306":1,"307":1,"310":1,"311":1,"313":1,"314":1,"315":1,"316":1,"317":1,"318":1,"319":1,"321":1,"322":1,"324":1}},"/home/travis/build/npmtest/node-npmtest-react-helmet/node_modules/react-helmet/lib/Helmet.js":{"path":"/home/travis/build/npmtest/node-npmtest-react-helmet/node_modules/react-helmet/lib/Helmet.js","s":{"1":1,"2":1,"3":1,"4":0,"5":0,"6":0,"7":0,"8":0,"9":0,"10":1,"11":1,"12":1,"13":1,"14":1,"15":1,"16":1,"17":0,"18":1,"19":1,"20":1,"21":0,"22":1,"23":1,"24":1,"25":1,"26":1,"27":1,"28":1,"29":1,"30":1,"31":1,"32":1,"33":1,"34":1,"35":1,"36":4,"37":1,"38":0,"39":0,"40":0,"41":0,"42":0,"43":0,"44":0,"45":0,"46":1,"47":0,"48":0,"49":1,"50":0,"51":0,"52":0,"53":1,"54":1,"55":0,"56":1,"57":1,"58":1,"59":1,"60":1,"61":1,"62":1,"63":1,"64":0,"65":0,"66":1,"67":0,"68":1,"69":0,"70":0,"71":0,"72":0,"73":0,"74":0,"75":1,"76":0,"77":0,"78":0,"79":1,"80":0,"81":0,"82":0,"83":0,"84":0,"85":0,"86":0,"87":1,"88":0,"89":0,"90":0,"91":0,"92":0,"93":1,"94":0,"95":0,"96":0,"97":0,"98":0,"99":0,"100":0,"101":0,"102":0,"103":1,"104":0,"105":0,"106":0,"107":0,"108":0,"109":0,"110":0,"111":0,"112":0,"113":0,"114":0,"115":0,"116":0,"117":0,"118":0,"119":1,"120":0,"121":0,"122":0,"123":0,"124":0,"125":1,"126":0,"127":1,"128":0,"129":0,"130":0,"131":0,"132":1,"133":0,"134":1,"135":1,"136":1,"137":1,"138":1},"b":{"1":[1,0],"2":[0,0],"3":[1,1],"4":[0,1],"5":[0,1],"6":[1,0],"7":[0,4],"8":[4,4],"9":[0,0],"10":[0,0],"11":[0,0],"12":[0,0],"13":[0,0],"14":[0,0,0],"15":[0,1],"16":[1,0],"17":[1,1],"18":[1,0],"19":[1,0],"20":[0,0],"21":[0,0,0],"22":[0,0],"23":[0,0,0],"24":[0,0],"25":[0,0],"26":[0,0],"27":[0,0],"28":[0,0],"29":[0,0],"30":[0,0],"31":[0,0,0,0,0,0],"32":[0,0],"33":[0,0]},"f":{"1":0,"2":1,"3":1,"4":1,"5":4,"6":0,"7":0,"8":0,"9":1,"10":1,"11":1,"12":0,"13":0,"14":0,"15":0,"16":0,"17":0,"18":0,"19":0,"20":0,"21":0,"22":0,"23":0,"24":0,"25":0,"26":0},"fnMap":{"1":{"name":"(anonymous_1)","line":4,"loc":{"start":{"line":4,"column":32},"end":{"line":4,"column":50}}},"2":{"name":"(anonymous_2)","line":6,"loc":{"start":{"line":6,"column":19},"end":{"line":6,"column":31}}},"3":{"name":"defineProperties","line":6,"loc":{"start":{"line":6,"column":33},"end":{"line":6,"column":74}}},"4":{"name":"(anonymous_4)","line":6,"loc":{"start":{"line":6,"column":357},"end":{"line":6,"column":405}}},"5":{"name":"_interopRequireDefault","line":28,"loc":{"start":{"line":28,"column":0},"end":{"line":28,"column":37}}},"6":{"name":"_objectWithoutProperties","line":30,"loc":{"start":{"line":30,"column":0},"end":{"line":30,"column":45}}},"7":{"name":"_classCallCheck","line":32,"loc":{"start":{"line":32,"column":0},"end":{"line":32,"column":48}}},"8":{"name":"_possibleConstructorReturn","line":34,"loc":{"start":{"line":34,"column":0},"end":{"line":34,"column":48}}},"9":{"name":"_inherits","line":36,"loc":{"start":{"line":36,"column":0},"end":{"line":36,"column":41}}},"10":{"name":"Helmet","line":38,"loc":{"start":{"line":38,"column":13},"end":{"line":38,"column":40}}},"11":{"name":"(anonymous_11)","line":41,"loc":{"start":{"line":41,"column":28},"end":{"line":41,"column":56}}},"12":{"name":"HelmetWrapper","line":44,"loc":{"start":{"line":44,"column":8},"end":{"line":44,"column":33}}},"13":{"name":"shouldComponentUpdate","line":50,"loc":{"start":{"line":50,"column":56},"end":{"line":50,"column":98}}},"14":{"name":"mapNestedChildrenToProps","line":54,"loc":{"start":{"line":54,"column":59},"end":{"line":54,"column":116}}},"15":{"name":"flattenArrayTypeChildren","line":75,"loc":{"start":{"line":75,"column":59},"end":{"line":75,"column":99}}},"16":{"name":"mapObjectTypeChildren","line":86,"loc":{"start":{"line":86,"column":56},"end":{"line":86,"column":94}}},"17":{"name":"mapArrayTypeChildrenToProps","line":112,"loc":{"start":{"line":112,"column":62},"end":{"line":112,"column":128}}},"18":{"name":"(anonymous_18)","line":115,"loc":{"start":{"line":115,"column":51},"end":{"line":115,"column":77}}},"19":{"name":"warnOnInvalidChildren","line":124,"loc":{"start":{"line":124,"column":56},"end":{"line":124,"column":110}}},"20":{"name":"(anonymous_20)","line":126,"loc":{"start":{"line":126,"column":59},"end":{"line":126,"column":75}}},"21":{"name":"mapChildrenToProps","line":144,"loc":{"start":{"line":144,"column":53},"end":{"line":144,"column":101}}},"22":{"name":"(anonymous_22)","line":149,"loc":{"start":{"line":149,"column":55},"end":{"line":149,"column":72}}},"23":{"name":"render","line":191,"loc":{"start":{"line":191,"column":41},"end":{"line":191,"column":59}}},"24":{"name":"set","line":230,"loc":{"start":{"line":230,"column":17},"end":{"line":230,"column":41}}},"25":{"name":"(anonymous_25)","line":254,"loc":{"start":{"line":254,"column":53},"end":{"line":254,"column":65}}},"26":{"name":"NullComponent","line":277,"loc":{"start":{"line":277,"column":20},"end":{"line":277,"column":45}}}},"statementMap":{"1":{"start":{"line":1,"column":0},"end":{"line":1,"column":26}},"2":{"start":{"line":2,"column":0},"end":{"line":2,"column":27}},"3":{"start":{"line":4,"column":0},"end":{"line":4,"column":257}},"4":{"start":{"line":4,"column":52},"end":{"line":4,"column":239}},"5":{"start":{"line":4,"column":97},"end":{"line":4,"column":123}},"6":{"start":{"line":4,"column":124},"end":{"line":4,"column":237}},"7":{"start":{"line":4,"column":150},"end":{"line":4,"column":235}},"8":{"start":{"line":4,"column":207},"end":{"line":4,"column":233}},"9":{"start":{"line":4,"column":240},"end":{"line":4,"column":254}},"10":{"start":{"line":6,"column":0},"end":{"line":6,"column":564}},"11":{"start":{"line":6,"column":33},"end":{"line":6,"column":349}},"12":{"start":{"line":6,"column":76},"end":{"line":6,"column":347}},"13":{"start":{"line":6,"column":117},"end":{"line":6,"column":143}},"14":{"start":{"line":6,"column":144},"end":{"line":6,"column":199}},"15":{"start":{"line":6,"column":200},"end":{"line":6,"column":231}},"16":{"start":{"line":6,"column":232},"end":{"line":6,"column":286}},"17":{"start":{"line":6,"column":259},"end":{"line":6,"column":286}},"18":{"start":{"line":6,"column":287},"end":{"line":6,"column":345}},"19":{"start":{"line":6,"column":350},"end":{"line":6,"column":559}},"20":{"start":{"line":6,"column":407},"end":{"line":6,"column":475}},"21":{"start":{"line":6,"column":423},"end":{"line":6,"column":475}},"22":{"start":{"line":6,"column":476},"end":{"line":6,"column":536}},"23":{"start":{"line":6,"column":493},"end":{"line":6,"column":536}},"24":{"start":{"line":6,"column":537},"end":{"line":6,"column":556}},"25":{"start":{"line":8,"column":0},"end":{"line":8,"column":30}},"26":{"start":{"line":10,"column":0},"end":{"line":10,"column":45}},"27":{"start":{"line":12,"column":0},"end":{"line":12,"column":39}},"28":{"start":{"line":14,"column":0},"end":{"line":14,"column":53}},"29":{"start":{"line":16,"column":0},"end":{"line":16,"column":52}},"30":{"start":{"line":18,"column":0},"end":{"line":18,"column":65}},"31":{"start":{"line":20,"column":0},"end":{"line":20,"column":39}},"32":{"start":{"line":22,"column":0},"end":{"line":22,"column":53}},"33":{"start":{"line":24,"column":0},"end":{"line":24,"column":47}},"34":{"start":{"line":26,"column":0},"end":{"line":26,"column":55}},"35":{"start":{"line":28,"column":0},"end":{"line":28,"column":95}},"36":{"start":{"line":28,"column":39},"end":{"line":28,"column":93}},"37":{"start":{"line":30,"column":0},"end":{"line":30,"column":220}},"38":{"start":{"line":30,"column":47},"end":{"line":30,"column":63}},"39":{"start":{"line":30,"column":64},"end":{"line":30,"column":203}},"40":{"start":{"line":30,"column":85},"end":{"line":30,"column":120}},"41":{"start":{"line":30,"column":111},"end":{"line":30,"column":120}},"42":{"start":{"line":30,"column":121},"end":{"line":30,"column":181}},"43":{"start":{"line":30,"column":172},"end":{"line":30,"column":181}},"44":{"start":{"line":30,"column":182},"end":{"line":30,"column":201}},"45":{"start":{"line":30,"column":204},"end":{"line":30,"column":218}},"46":{"start":{"line":32,"column":0},"end":{"line":32,"column":153}},"47":{"start":{"line":32,"column":50},"end":{"line":32,"column":151}},"48":{"start":{"line":32,"column":92},"end":{"line":32,"column":149}},"49":{"start":{"line":34,"column":0},"end":{"line":34,"column":240}},"50":{"start":{"line":34,"column":50},"end":{"line":34,"column":151}},"51":{"start":{"line":34,"column":63},"end":{"line":34,"column":149}},"52":{"start":{"line":34,"column":152},"end":{"line":34,"column":238}},"53":{"start":{"line":36,"column":0},"end":{"line":36,"column":494}},"54":{"start":{"line":36,"column":43},"end":{"line":36,"column":208}},"55":{"start":{"line":36,"column":106},"end":{"line":36,"column":206}},"56":{"start":{"line":36,"column":209},"end":{"line":36,"column":373}},"57":{"start":{"line":36,"column":374},"end":{"line":36,"column":492}},"58":{"start":{"line":36,"column":390},"end":{"line":36,"column":492}},"59":{"start":{"line":38,"column":0},"end":{"line":275,"column":2}},"60":{"start":{"line":39,"column":4},"end":{"line":39,"column":22}},"61":{"start":{"line":41,"column":4},"end":{"line":274,"column":13}},"62":{"start":{"line":42,"column":8},"end":{"line":42,"column":51}},"63":{"start":{"line":44,"column":8},"end":{"line":48,"column":9}},"64":{"start":{"line":45,"column":12},"end":{"line":45,"column":49}},"65":{"start":{"line":47,"column":12},"end":{"line":47,"column":93}},"66":{"start":{"line":50,"column":8},"end":{"line":52,"column":10}},"67":{"start":{"line":51,"column":12},"end":{"line":51,"column":68}},"68":{"start":{"line":54,"column":8},"end":{"line":73,"column":10}},"69":{"start":{"line":55,"column":12},"end":{"line":57,"column":13}},"70":{"start":{"line":56,"column":16},"end":{"line":56,"column":28}},"71":{"start":{"line":59,"column":12},"end":{"line":70,"column":13}},"72":{"start":{"line":62,"column":20},"end":{"line":64,"column":22}},"73":{"start":{"line":67,"column":20},"end":{"line":69,"column":22}},"74":{"start":{"line":72,"column":12},"end":{"line":72,"column":149}},"75":{"start":{"line":75,"column":8},"end":{"line":84,"column":10}},"76":{"start":{"line":76,"column":12},"end":{"line":76,"column":26}},"77":{"start":{"line":78,"column":12},"end":{"line":81,"column":53}},"78":{"start":{"line":83,"column":12},"end":{"line":83,"column":237}},"79":{"start":{"line":86,"column":8},"end":{"line":110,"column":10}},"80":{"start":{"line":87,"column":12},"end":{"line":87,"column":37}},"81":{"start":{"line":89,"column":12},"end":{"line":92,"column":54}},"82":{"start":{"line":94,"column":12},"end":{"line":107,"column":13}},"83":{"start":{"line":96,"column":20},"end":{"line":96,"column":176}},"84":{"start":{"line":99,"column":20},"end":{"line":101,"column":23}},"85":{"start":{"line":104,"column":20},"end":{"line":106,"column":23}},"86":{"start":{"line":109,"column":12},"end":{"line":109,"column":124}},"87":{"start":{"line":112,"column":8},"end":{"line":122,"column":10}},"88":{"start":{"line":113,"column":12},"end":{"line":113,"column":59}},"89":{"start":{"line":115,"column":12},"end":{"line":119,"column":15}},"90":{"start":{"line":116,"column":16},"end":{"line":116,"column":30}},"91":{"start":{"line":118,"column":16},"end":{"line":118,"column":160}},"92":{"start":{"line":121,"column":12},"end":{"line":121,"column":37}},"93":{"start":{"line":124,"column":8},"end":{"line":142,"column":10}},"94":{"start":{"line":125,"column":12},"end":{"line":139,"column":13}},"95":{"start":{"line":126,"column":16},"end":{"line":134,"column":17}},"96":{"start":{"line":127,"column":20},"end":{"line":127,"column":47}},"97":{"start":{"line":129,"column":20},"end":{"line":131,"column":21}},"98":{"start":{"line":130,"column":24},"end":{"line":130,"column":187}},"99":{"start":{"line":133,"column":20},"end":{"line":133,"column":242}},"100":{"start":{"line":136,"column":16},"end":{"line":138,"column":17}},"101":{"start":{"line":137,"column":20},"end":{"line":137,"column":236}},"102":{"start":{"line":141,"column":12},"end":{"line":141,"column":24}},"103":{"start":{"line":144,"column":8},"end":{"line":189,"column":10}},"104":{"start":{"line":145,"column":12},"end":{"line":145,"column":30}},"105":{"start":{"line":147,"column":12},"end":{"line":147,"column":39}},"106":{"start":{"line":149,"column":12},"end":{"line":185,"column":15}},"107":{"start":{"line":150,"column":16},"end":{"line":152,"column":17}},"108":{"start":{"line":151,"column":20},"end":{"line":151,"column":27}},"109":{"start":{"line":154,"column":16},"end":{"line":156,"column":86}},"110":{"start":{"line":158,"column":16},"end":{"line":158,"column":100}},"111":{"start":{"line":160,"column":16},"end":{"line":160,"column":68}},"112":{"start":{"line":162,"column":16},"end":{"line":184,"column":17}},"113":{"start":{"line":168,"column":24},"end":{"line":173,"column":27}},"114":{"start":{"line":174,"column":24},"end":{"line":174,"column":30}},"115":{"start":{"line":177,"column":24},"end":{"line":182,"column":27}},"116":{"start":{"line":183,"column":24},"end":{"line":183,"column":30}},"117":{"start":{"line":187,"column":12},"end":{"line":187,"column":85}},"118":{"start":{"line":188,"column":12},"end":{"line":188,"column":28}},"119":{"start":{"line":191,"column":8},"end":{"line":203,"column":10}},"120":{"start":{"line":192,"column":12},"end":{"line":194,"column":71}},"121":{"start":{"line":196,"column":12},"end":{"line":196,"column":47}},"122":{"start":{"line":198,"column":12},"end":{"line":200,"column":13}},"123":{"start":{"line":199,"column":16},"end":{"line":199,"column":71}},"124":{"start":{"line":202,"column":12},"end":{"line":202,"column":70}},"125":{"start":{"line":205,"column":8},"end":{"line":233,"column":12}},"126":{"start":{"line":231,"column":16},"end":{"line":231,"column":48}},"127":{"start":{"line":235,"column":8},"end":{"line":235,"column":29}},"128":{"start":{"line":255,"column":8},"end":{"line":255,"column":45}},"129":{"start":{"line":256,"column":8},"end":{"line":271,"column":9}},"130":{"start":{"line":258,"column":12},"end":{"line":270,"column":15}},"131":{"start":{"line":273,"column":8},"end":{"line":273,"column":27}},"132":{"start":{"line":277,"column":0},"end":{"line":279,"column":2}},"133":{"start":{"line":278,"column":4},"end":{"line":278,"column":16}},"134":{"start":{"line":281,"column":0},"end":{"line":281,"column":172}},"135":{"start":{"line":283,"column":0},"end":{"line":283,"column":45}},"136":{"start":{"line":284,"column":0},"end":{"line":284,"column":48}},"137":{"start":{"line":286,"column":0},"end":{"line":286,"column":30}},"138":{"start":{"line":287,"column":0},"end":{"line":287,"column":31}}},"branchMap":{"1":{"line":4,"type":"binary-expr","locations":[{"start":{"line":4,"column":15},"end":{"line":4,"column":28}},{"start":{"line":4,"column":32},"end":{"line":4,"column":256}}]},"2":{"line":4,"type":"if","locations":[{"start":{"line":4,"column":150},"end":{"line":4,"column":150}},{"start":{"line":4,"column":150},"end":{"line":4,"column":150}}]},"3":{"line":6,"type":"binary-expr","locations":[{"start":{"line":6,"column":168},"end":{"line":6,"column":189}},{"start":{"line":6,"column":193},"end":{"line":6,"column":198}}]},"4":{"line":6,"type":"if","locations":[{"start":{"line":6,"column":232},"end":{"line":6,"column":232}},{"start":{"line":6,"column":232},"end":{"line":6,"column":232}}]},"5":{"line":6,"type":"if","locations":[{"start":{"line":6,"column":407},"end":{"line":6,"column":407}},{"start":{"line":6,"column":407},"end":{"line":6,"column":407}}]},"6":{"line":6,"type":"if","locations":[{"start":{"line":6,"column":476},"end":{"line":6,"column":476}},{"start":{"line":6,"column":476},"end":{"line":6,"column":476}}]},"7":{"line":28,"type":"cond-expr","locations":[{"start":{"line":28,"column":70},"end":{"line":28,"column":73}},{"start":{"line":28,"column":76},"end":{"line":28,"column":92}}]},"8":{"line":28,"type":"binary-expr","locations":[{"start":{"line":28,"column":46},"end":{"line":28,"column":49}},{"start":{"line":28,"column":53},"end":{"line":28,"column":67}}]},"9":{"line":30,"type":"if","locations":[{"start":{"line":30,"column":85},"end":{"line":30,"column":85}},{"start":{"line":30,"column":85},"end":{"line":30,"column":85}}]},"10":{"line":30,"type":"if","locations":[{"start":{"line":30,"column":121},"end":{"line":30,"column":121}},{"start":{"line":30,"column":121},"end":{"line":30,"column":121}}]},"11":{"line":32,"type":"if","locations":[{"start":{"line":32,"column":50},"end":{"line":32,"column":50}},{"start":{"line":32,"column":50},"end":{"line":32,"column":50}}]},"12":{"line":34,"type":"if","locations":[{"start":{"line":34,"column":50},"end":{"line":34,"column":50}},{"start":{"line":34,"column":50},"end":{"line":34,"column":50}}]},"13":{"line":34,"type":"cond-expr","locations":[{"start":{"line":34,"column":226},"end":{"line":34,"column":230}},{"start":{"line":34,"column":233},"end":{"line":34,"column":237}}]},"14":{"line":34,"type":"binary-expr","locations":[{"start":{"line":34,"column":159},"end":{"line":34,"column":163}},{"start":{"line":34,"column":168},"end":{"line":34,"column":192}},{"start":{"line":34,"column":196},"end":{"line":34,"column":222}}]},"15":{"line":36,"type":"if","locations":[{"start":{"line":36,"column":43},"end":{"line":36,"column":43}},{"start":{"line":36,"column":43},"end":{"line":36,"column":43}}]},"16":{"line":36,"type":"binary-expr","locations":[{"start":{"line":36,"column":47},"end":{"line":36,"column":79}},{"start":{"line":36,"column":83},"end":{"line":36,"column":102}}]},"17":{"line":36,"type":"binary-expr","locations":[{"start":{"line":36,"column":244},"end":{"line":36,"column":254}},{"start":{"line":36,"column":258},"end":{"line":36,"column":278}}]},"18":{"line":36,"type":"if","locations":[{"start":{"line":36,"column":374},"end":{"line":36,"column":374}},{"start":{"line":36,"column":374},"end":{"line":36,"column":374}}]},"19":{"line":36,"type":"cond-expr","locations":[{"start":{"line":36,"column":414},"end":{"line":36,"column":457}},{"start":{"line":36,"column":460},"end":{"line":36,"column":491}}]},"20":{"line":55,"type":"if","locations":[{"start":{"line":55,"column":12},"end":{"line":55,"column":12}},{"start":{"line":55,"column":12},"end":{"line":55,"column":12}}]},"21":{"line":59,"type":"switch","locations":[{"start":{"line":60,"column":16},"end":{"line":60,"column":55}},{"start":{"line":61,"column":16},"end":{"line":64,"column":22}},{"start":{"line":66,"column":16},"end":{"line":69,"column":22}}]},"22":{"line":83,"type":"binary-expr","locations":[{"start":{"line":83,"column":102},"end":{"line":83,"column":131}},{"start":{"line":83,"column":135},"end":{"line":83,"column":137}}]},"23":{"line":94,"type":"switch","locations":[{"start":{"line":95,"column":16},"end":{"line":96,"column":176}},{"start":{"line":98,"column":16},"end":{"line":101,"column":23}},{"start":{"line":103,"column":16},"end":{"line":106,"column":23}}]},"24":{"line":125,"type":"if","locations":[{"start":{"line":125,"column":12},"end":{"line":125,"column":12}},{"start":{"line":125,"column":12},"end":{"line":125,"column":12}}]},"25":{"line":126,"type":"if","locations":[{"start":{"line":126,"column":16},"end":{"line":126,"column":16}},{"start":{"line":126,"column":16},"end":{"line":126,"column":16}}]},"26":{"line":129,"type":"if","locations":[{"start":{"line":129,"column":20},"end":{"line":129,"column":20}},{"start":{"line":129,"column":20},"end":{"line":129,"column":20}}]},"27":{"line":136,"type":"if","locations":[{"start":{"line":136,"column":16},"end":{"line":136,"column":16}},{"start":{"line":136,"column":16},"end":{"line":136,"column":16}}]},"28":{"line":136,"type":"binary-expr","locations":[{"start":{"line":136,"column":20},"end":{"line":136,"column":34}},{"start":{"line":136,"column":38},"end":{"line":136,"column":72}}]},"29":{"line":150,"type":"if","locations":[{"start":{"line":150,"column":16},"end":{"line":150,"column":16}},{"start":{"line":150,"column":16},"end":{"line":150,"column":16}}]},"30":{"line":150,"type":"binary-expr","locations":[{"start":{"line":150,"column":20},"end":{"line":150,"column":26}},{"start":{"line":150,"column":30},"end":{"line":150,"column":42}}]},"31":{"line":162,"type":"switch","locations":[{"start":{"line":163,"column":20},"end":{"line":163,"column":57}},{"start":{"line":164,"column":20},"end":{"line":164,"column":57}},{"start":{"line":165,"column":20},"end":{"line":165,"column":61}},{"start":{"line":166,"column":20},"end":{"line":166,"column":59}},{"start":{"line":167,"column":20},"end":{"line":174,"column":30}},{"start":{"line":176,"column":20},"end":{"line":183,"column":30}}]},"32":{"line":198,"type":"if","locations":[{"start":{"line":198,"column":12},"end":{"line":198,"column":12}},{"start":{"line":198,"column":12},"end":{"line":198,"column":12}}]},"33":{"line":256,"type":"if","locations":[{"start":{"line":256,"column":8},"end":{"line":256,"column":8}},{"start":{"line":256,"column":8},"end":{"line":256,"column":8}}]}},"code":["exports.__esModule = true;","exports.Helmet = undefined;","","var _extends = Object.assign || function (target) { for (var i = 1; i < arguments.length; i++) { var source = arguments[i]; for (var key in source) { if (Object.prototype.hasOwnProperty.call(source, key)) { target[key] = source[key]; } } } return target; };","","var _createClass = function () { function defineProperties(target, props) { for (var i = 0; i < props.length; i++) { var descriptor = props[i]; descriptor.enumerable = descriptor.enumerable || false; descriptor.configurable = true; if (\"value\" in descriptor) descriptor.writable = true; Object.defineProperty(target, descriptor.key, descriptor); } } return function (Constructor, protoProps, staticProps) { if (protoProps) defineProperties(Constructor.prototype, protoProps); if (staticProps) defineProperties(Constructor, staticProps); return Constructor; }; }();","","var _react = require(\"react\");","","var _react2 = _interopRequireDefault(_react);","","var _propTypes = require(\"prop-types\");","","var _propTypes2 = _interopRequireDefault(_propTypes);","","var _reactSideEffect = require(\"react-side-effect\");","","var _reactSideEffect2 = _interopRequireDefault(_reactSideEffect);","","var _deepEqual = require(\"deep-equal\");","","var _deepEqual2 = _interopRequireDefault(_deepEqual);","","var _HelmetUtils = require(\"./HelmetUtils.js\");","","var _HelmetConstants = require(\"./HelmetConstants.js\");","","function _interopRequireDefault(obj) { return obj && obj.__esModule ? obj : { default: obj }; }","","function _objectWithoutProperties(obj, keys) { var target = {}; for (var i in obj) { if (keys.indexOf(i) >= 0) continue; if (!Object.prototype.hasOwnProperty.call(obj, i)) continue; target[i] = obj[i]; } return target; }","","function _classCallCheck(instance, Constructor) { if (!(instance instanceof Constructor)) { throw new TypeError(\"Cannot call a class as a function\"); } }","","function _possibleConstructorReturn(self, call) { if (!self) { throw new ReferenceError(\"this hasn't been initialised - super() hasn't been called\"); } return call && (typeof call === \"object\" || typeof call === \"function\") ? call : self; }","","function _inherits(subClass, superClass) { if (typeof superClass !== \"function\" && superClass !== null) { throw new TypeError(\"Super expression must either be null or a function, not \" + typeof superClass); } subClass.prototype = Object.create(superClass && superClass.prototype, { constructor: { value: subClass, enumerable: false, writable: true, configurable: true } }); if (superClass) Object.setPrototypeOf ? Object.setPrototypeOf(subClass, superClass) : subClass.__proto__ = superClass; }","","var Helmet = function Helmet(Component) {","    var _class, _temp;","","    return _temp = _class = function (_React$Component) {","        _inherits(HelmetWrapper, _React$Component);","","        function HelmetWrapper() {","            _classCallCheck(this, HelmetWrapper);","","            return _possibleConstructorReturn(this, _React$Component.apply(this, arguments));","        }","","        HelmetWrapper.prototype.shouldComponentUpdate = function shouldComponentUpdate(nextProps) {","            return !(0, _deepEqual2.default)(this.props, nextProps);","        };","","        HelmetWrapper.prototype.mapNestedChildrenToProps = function mapNestedChildrenToProps(child, nestedChildren) {","            if (!nestedChildren) {","                return null;","            }","","            switch (child.type) {","                case _HelmetConstants.TAG_NAMES.SCRIPT:","                case _HelmetConstants.TAG_NAMES.NOSCRIPT:","                    return {","                        innerHTML: nestedChildren","                    };","","                case _HelmetConstants.TAG_NAMES.STYLE:","                    return {","                        cssText: nestedChildren","                    };","            }","","            throw new Error(\"<\" + child.type + \" /> elements are self-closing and can not contain children. Refer to our API for more information.\");","        };","","        HelmetWrapper.prototype.flattenArrayTypeChildren = function flattenArrayTypeChildren(_ref) {","            var _extends2;","","            var child = _ref.child,","                arrayTypeChildren = _ref.arrayTypeChildren,","                newChildProps = _ref.newChildProps,","                nestedChildren = _ref.nestedChildren;","","            return _extends({}, arrayTypeChildren, (_extends2 = {}, _extends2[child.type] = [].concat(arrayTypeChildren[child.type] || [], [_extends({}, newChildProps, this.mapNestedChildrenToProps(child, nestedChildren))]), _extends2));","        };","","        HelmetWrapper.prototype.mapObjectTypeChildren = function mapObjectTypeChildren(_ref2) {","            var _extends3, _extends4;","","            var child = _ref2.child,","                newProps = _ref2.newProps,","                newChildProps = _ref2.newChildProps,","                nestedChildren = _ref2.nestedChildren;","","            switch (child.type) {","                case _HelmetConstants.TAG_NAMES.TITLE:","                    return _extends({}, newProps, (_extends3 = {}, _extends3[child.type] = nestedChildren, _extends3.titleAttributes = _extends({}, newChildProps), _extends3));","","                case _HelmetConstants.TAG_NAMES.BODY:","                    return _extends({}, newProps, {","                        bodyAttributes: _extends({}, newChildProps)","                    });","","                case _HelmetConstants.TAG_NAMES.HTML:","                    return _extends({}, newProps, {","                        htmlAttributes: _extends({}, newChildProps)","                    });","            }","","            return _extends({}, newProps, (_extends4 = {}, _extends4[child.type] = _extends({}, newChildProps), _extends4));","        };","","        HelmetWrapper.prototype.mapArrayTypeChildrenToProps = function mapArrayTypeChildrenToProps(arrayTypeChildren, newProps) {","            var newFlattenedProps = _extends({}, newProps);","","            Object.keys(arrayTypeChildren).forEach(function (arrayChildName) {","                var _extends5;","","                newFlattenedProps = _extends({}, newFlattenedProps, (_extends5 = {}, _extends5[arrayChildName] = arrayTypeChildren[arrayChildName], _extends5));","            });","","            return newFlattenedProps;","        };","","        HelmetWrapper.prototype.warnOnInvalidChildren = function warnOnInvalidChildren(child, nestedChildren) {","            if (process.env.NODE_ENV !== \"production\") {","                if (!_HelmetConstants.VALID_TAG_NAMES.some(function (name) {","                    return child.type === name;","                })) {","                    if (typeof child.type === \"function\") {","                        return (0, _HelmetUtils.warn)(\"You may be attempting to nest <Helmet> components within each other, which is not allowed. Refer to our API for more information.\");","                    }","","                    return (0, _HelmetUtils.warn)(\"Only elements types \" + _HelmetConstants.VALID_TAG_NAMES.join(\", \") + \" are allowed. Helmet does not support rendering <\" + child.type + \"> elements. Refer to our API for more information.\");","                }","","                if (nestedChildren && typeof nestedChildren !== \"string\") {","                    throw new Error(\"Helmet expects a string as a child of <\" + child.type + \">. Did you forget to wrap your children in braces? ( <\" + child.type + \">{``}</\" + child.type + \"> ) Refer to our API for more information.\");","                }","            }","","            return true;","        };","","        HelmetWrapper.prototype.mapChildrenToProps = function mapChildrenToProps(children, newProps) {","            var _this2 = this;","","            var arrayTypeChildren = {};","","            _react2.default.Children.forEach(children, function (child) {","                if (!child || !child.props) {","                    return;","                }","","                var _child$props = child.props,","                    nestedChildren = _child$props.children,","                    childProps = _objectWithoutProperties(_child$props, [\"children\"]);","","                var newChildProps = (0, _HelmetUtils.convertReactPropstoHtmlAttributes)(childProps);","","                _this2.warnOnInvalidChildren(child, nestedChildren);","","                switch (child.type) {","                    case _HelmetConstants.TAG_NAMES.LINK:","                    case _HelmetConstants.TAG_NAMES.META:","                    case _HelmetConstants.TAG_NAMES.NOSCRIPT:","                    case _HelmetConstants.TAG_NAMES.SCRIPT:","                    case _HelmetConstants.TAG_NAMES.STYLE:","                        arrayTypeChildren = _this2.flattenArrayTypeChildren({","                            child: child,","                            arrayTypeChildren: arrayTypeChildren,","                            newChildProps: newChildProps,","                            nestedChildren: nestedChildren","                        });","                        break;","","
[...]
,","        title: getTitleFromPropsList(propsList),","        titleAttributes: getAttributesFromPropsList(_HelmetConstants.ATTRIBUTE_NAMES.TITLE, propsList)","    };","};","","var requestIdleCallback = function () {","    if (typeof window !== \"undefined\" && typeof window.requestIdleCallback !== \"undefined\") {","        return window.requestIdleCallback;","    }","","    return function (cb) {","        var start = Date.now();","        return setTimeout(function () {","            cb({","                didTimeout: false,","                timeRemaining: function timeRemaining() {","                    return Math.max(0, 50 - (Date.now() - start));","                }","            });","        }, 1);","    };","}();","","var cancelIdleCallback = function () {","    if (typeof window !== \"undefined\" && typeof window.cancelIdleCallback !== \"undefined\") {","        return window.cancelIdleCallback;","    }","","    return function (id) {","        return clearTimeout(id);","    };","}();","","var warn = function warn(msg) {","    return console && typeof console.warn === \"function\" && console.warn(msg);","};","","var _helmetIdleCallback = null;","","var handleClientStateChange = function handleClientStateChange(newState) {","    var baseTag = newState.baseTag,","        bodyAttributes = newState.bodyAttributes,","        htmlAttributes = newState.htmlAttributes,","        linkTags = newState.linkTags,","        metaTags = newState.metaTags,","        noscriptTags = newState.noscriptTags,","        onChangeClientState = newState.onChangeClientState,","        scriptTags = newState.scriptTags,","        styleTags = newState.styleTags,","        title = newState.title,","        titleAttributes = newState.titleAttributes;","","","    if (_helmetIdleCallback) {","        cancelIdleCallback(_helmetIdleCallback);","    }","","    _helmetIdleCallback = requestIdleCallback(function () {","        updateAttributes(_HelmetConstants.TAG_NAMES.BODY, bodyAttributes);","        updateAttributes(_HelmetConstants.TAG_NAMES.HTML, htmlAttributes);","","        updateTitle(title, titleAttributes);","","        var tagUpdates = {","            baseTag: updateTags(_HelmetConstants.TAG_NAMES.BASE, baseTag),","            linkTags: updateTags(_HelmetConstants.TAG_NAMES.LINK, linkTags),","            metaTags: updateTags(_HelmetConstants.TAG_NAMES.META, metaTags),","            noscriptTags: updateTags(_HelmetConstants.TAG_NAMES.NOSCRIPT, noscriptTags),","            scriptTags: updateTags(_HelmetConstants.TAG_NAMES.SCRIPT, scriptTags),","            styleTags: updateTags(_HelmetConstants.TAG_NAMES.STYLE, styleTags)","        };","","        var addedTags = {};","        var removedTags = {};","","        Object.keys(tagUpdates).forEach(function (tagType) {","            var _tagUpdates$tagType = tagUpdates[tagType],","                newTags = _tagUpdates$tagType.newTags,","                oldTags = _tagUpdates$tagType.oldTags;","","","            if (newTags.length) {","                addedTags[tagType] = newTags;","            }","            if (oldTags.length) {","                removedTags[tagType] = tagUpdates[tagType].oldTags;","            }","        });","","        _helmetIdleCallback = null;","        onChangeClientState(newState, addedTags, removedTags);","    });","};","","var updateTitle = function updateTitle(title, attributes) {","    if (typeof title === \"string\" && document.title !== title) {","        document.title = title;","    }","","    updateAttributes(_HelmetConstants.TAG_NAMES.TITLE, attributes);","};","","var updateAttributes = function updateAttributes(tagName, attributes) {","    var elementTag = document.getElementsByTagName(tagName)[0];","","    if (!elementTag) {","        return;","    }","","    var helmetAttributeString = elementTag.getAttribute(_HelmetConstants.HELMET_ATTRIBUTE);","    var helmetAttributes = helmetAttributeString ? helmetAttributeString.split(\",\") : [];","    var attributesToRemove = [].concat(helmetAttributes);","    var attributeKeys = Object.keys(attributes);","","    for (var i = 0; i < attributeKeys.length; i++) {","        var attribute = attributeKeys[i];","        var value = attributes[attribute] || \"\";","","        if (elementTag.getAttribute(attribute) !== value) {","            elementTag.setAttribute(attribute, value);","        }","","        if (helmetAttributes.indexOf(attribute) === -1) {","            helmetAttributes.push(attribute);","        }","","        var indexToSave = attributesToRemove.indexOf(attribute);","        if (indexToSave !== -1) {","            attributesToRemove.splice(indexToSave, 1);","        }","    }","","    for (var _i = attributesToRemove.length - 1; _i >= 0; _i--) {","        elementTag.removeAttribute(attributesToRemove[_i]);","    }","","    if (helmetAttributes.length === attributesToRemove.length) {","        elementTag.removeAttribute(_HelmetConstants.HELMET_ATTRIBUTE);","    } else if (elementTag.getAttribute(_HelmetConstants.HELMET_ATTRIBUTE) !== attributeKeys.join(\",\")) {","        elementTag.setAttribute(_HelmetConstants.HELMET_ATTRIBUTE, attributeKeys.join(\",\"));","    }","};","","var updateTags = function updateTags(type, tags) {","    var headElement = document.head || document.querySelector(_HelmetConstants.TAG_NAMES.HEAD);","    var tagNodes = headElement.querySelectorAll(type + \"[\" + _HelmetConstants.HELMET_ATTRIBUTE + \"]\");","    var oldTags = Array.prototype.slice.call(tagNodes);","    var newTags = [];","    var indexToDelete = void 0;","","    if (tags && tags.length) {","        tags.forEach(function (tag) {","            var newElement = document.createElement(type);","","            for (var attribute in tag) {","                if (tag.hasOwnProperty(attribute)) {","                    if (attribute === _HelmetConstants.TAG_PROPERTIES.INNER_HTML) {","                        newElement.innerHTML = tag.innerHTML;","                    } else if (attribute === _HelmetConstants.TAG_PROPERTIES.CSS_TEXT) {","                        if (newElement.styleSheet) {","                            newElement.styleSheet.cssText = tag.cssText;","                        } else {","                            newElement.appendChild(document.createTextNode(tag.cssText));","                        }","                    } else {","                        var value = typeof tag[attribute] === \"undefined\" ? \"\" : tag[attribute];","                        newElement.setAttribute(attribute, value);","                    }","                }","            }","","            newElement.setAttribute(_HelmetConstants.HELMET_ATTRIBUTE, \"true\");","","            // Remove a duplicate tag from domTagstoRemove, so it isn't cleared.","            if (oldTags.some(function (existingTag, index) {","                indexToDelete = index;","                return newElement.isEqualNode(existingTag);","            })) {","                oldTags.splice(indexToDelete, 1);","            } else {","                newTags.push(newElement);","            }","        });","    }","","    oldTags.forEach(function (tag) {","        return tag.parentNode.removeChild(tag);","    });","    newTags.forEach(function (tag) {","        return headElement.appendChild(tag);","    });","","    return {","        oldTags: oldTags,","        newTags: newTags","    };","};","","var generateElementAttributesAsString = function generateElementAttributesAsString(attributes) {","    return Object.keys(attributes).reduce(function (str, key) {","        var attr = typeof attributes[key] !== \"undefined\" ? key + \"=\\\"\" + attributes[key] + \"\\\"\" : \"\" + key;","        return str ? str + \" \" + attr : attr;","    }, \"\");","};","","var generateTitleAsString = function generateTitleAsString(type, title, attributes, encode) {","    var attributeString = generateElementAttributesAsString(attributes);","    return attributeString ? \"<\" + type + \" \" + _HelmetConstants.HELMET_ATTRIBUTE + \"=\\\"true\\\" \" + attributeString + \">\" + encodeSpecialCharacters(title, encode) + \"</\" + type + \">\" : \"<\" + type + \" \" + _HelmetConstants.HELMET_ATTRIBUTE + \"=\\\"true\\\">\" + encodeSpecialCharacters(title, encode) + \"</\" + type + \">\";","};","","var generateTagsAsString = function generateTagsAsString(type, tags, encode) {","    return tags.reduce(function (str, tag) {","        var attributeHtml = Object.keys(tag).filter(function (attribute) {","            return !(attribute === _HelmetConstants.TAG_PROPERTIES.INNER_HTML || attribute === _HelmetConstants.TAG_PROPERTIES.CSS_TEXT);","        }).reduce(function (string, attribute) {","            var attr = typeof tag[attribute] === \"undefined\" ? attribute : attribute + \"=\\\"\" + encodeSpecialCharacters(tag[attribute], encode) + \"\\\"\";","            return string ? string + \" \" + attr : attr;","        }, \"\");","","        var tagContent = tag.innerHTML || tag.cssText || \"\";","","        var isSelfClosing = _HelmetConstants.SELF_CLOSING_TAGS.indexOf(type) === -1;","","        return str + \"<\" + type + \" \" + _HelmetConstants.HELMET_ATTRIBUTE + \"=\\\"true\\\" \" + attributeHtml + (isSelfClosing ? \"/>\" : \">\" + tagContent + \"</\" + type + \">\");","    }, \"\");","};","","var convertElementAttributestoReactProps = function convertElementAttributestoReactProps(attributes) {","    var initProps = arguments.length > 1 && arguments[1] !== undefined ? arguments[1] : {};","","    return Object.keys(attributes).reduce(function (obj, key) {","        obj[_HelmetConstants.REACT_TAG_MAP[key] || key] = attributes[key];","        return obj;","    }, initProps);","};","","var convertReactPropstoHtmlAttributes = function convertReactPropstoHtmlAttributes(props) {","    var initAttributes = arguments.length > 1 && arguments[1] !== undefined ? arguments[1] : {};","","    return Object.keys(props).reduce(function (obj, key) {","        obj[_HelmetConstants.HTML_TAG_MAP[key] || key] = props[key];","        return obj;","    }, initAttributes);","};","","var generateTitleAsReactComponent = function generateTitleAsReactComponent(type, title, attributes) {","    var _initProps;","","    // assigning into an array to define toString function on it","    var initProps = (_initProps = {","        key: title","    }, _initProps[_HelmetConstants.HELMET_ATTRIBUTE] = true, _initProps);","    var props = convertElementAttributestoReactProps(attributes, initProps);","","    return [_react2.default.createElement(_HelmetConstants.TAG_NAMES.TITLE, props, title)];","};","","var generateTagsAsReactComponent = function generateTagsAsReactComponent(type, tags) {","    return tags.map(function (tag, i) {","        var _mappedTag;","","        var mappedTag = (_mappedTag = {","            key: i","        }, _mappedTag[_HelmetConstants.HELMET_ATTRIBUTE] = true, _mappedTag);","","        Object.keys(tag).forEach(function (attribute) {","            var mappedAttribute = _HelmetConstants.REACT_TAG_MAP[attribute] || attribute;","","            if (mappedAttribute === _HelmetConstants.TAG_PROPERTIES.INNER_HTML || mappedAttribute === _HelmetConstants.TAG_PROPERTIES.CSS_TEXT) {","                var content = tag.innerHTML || tag.cssText;","                mappedTag.dangerouslySetInnerHTML = { __html: content };","            } else {","                mappedTag[mappedAttribute] = tag[attribute];","            }","        });","","        return _react2.default.createElement(type, mappedTag);","    });","};","","var getMethodsForTag = function getMethodsForTag(type, tags, encode) {","    switch (type) {","        case _HelmetConstants.TAG_NAMES.TITLE:","            return {","                toComponent: function toComponent() {","                    return generateTitleAsReactComponent(type, tags.title, tags.titleAttributes, encode);","                },","                toString: function toString() {","                    return generateTitleAsString(type, tags.title, tags.titleAttributes, encode);","                }","            };","        case _HelmetConstants.ATTRIBUTE_NAMES.BODY:","        case _HelmetConstants.ATTRIBUTE_NAMES.HTML:","            return {","                toComponent: function toComponent() {","                    return convertElementAttributestoReactProps(tags);","                },","                toString: function toString() {","                    return generateElementAttributesAsString(tags);","                }","            };","        default:","            return {","                toComponent: function toComponent() {","                    return generateTagsAsReactComponent(type, tags);","                },","                toString: function toString() {","                    return generateTagsAsString(type, tags, encode);","                }","            };","    }","};","","var mapStateOnServer = function mapStateOnServer(_ref) {","    var baseTag = _ref.baseTag,","        bodyAttributes = _ref.bodyAttributes,","        encode = _ref.encode,","        htmlAttributes = _ref.htmlAttributes,","        linkTags = _ref.linkTags,","        metaTags = _ref.metaTags,","        noscriptTags = _ref.noscriptTags,","        scriptTags = _ref.scriptTags,","        styleTags = _ref.styleTags,","        _ref$title = _ref.title,","        title = _ref$title === undefined ? \"\" : _ref$title,","        titleAttributes = _ref.titleAttributes;","    return {","        base: getMethodsForTag(_HelmetConstants.TAG_NAMES.BASE, baseTag, encode),","        bodyAttributes: getMethodsForTag(_HelmetConstants.ATTRIBUTE_NAMES.BODY, bodyAttributes, encode),","        htmlAttributes: getMethodsForTag(_HelmetConstants.ATTRIBUTE_NAMES.HTML, htmlAttributes, encode),","        link: getMethodsForTag(_HelmetConstants.TAG_NAMES.LINK, linkTags, encode),","        meta: getMethodsForTag(_HelmetConstants.TAG_NAMES.META, metaTags, encode),","        noscript: getMethodsForTag(_HelmetConstants.TAG_NAMES.NOSCRIPT, noscriptTags, encode),","        script: getMethodsForTag(_HelmetConstants.TAG_NAMES.SCRIPT, scriptTags, encode),","        style: getMethodsForTag(_HelmetConstants.TAG_NAMES.STYLE, styleTags, encode),","        title: getMethodsForTag(_HelmetConstants.TAG_NAMES.TITLE, { title: title, titleAttributes: titleAttributes }, encode)","    };","};","","exports.convertReactPropstoHtmlAttributes = convertReactPropstoHtmlAttributes;","exports.handleClientStateChange = handleClientStateChange;","exports.mapStateOnServer = mapStateOnServer;","exports.reducePropsToState = reducePropsToState;","exports.requestIdleCallback = requestIdleCallback;","exports.warn = warn;"],"l":{"1":1,"2":1,"4":1,"6":1,"8":1,"10":1,"12":1,"14":1,"16":1,"18":2,"20":1,"21":0,"23":0,"24":0,"27":0,"30":1,"31":0,"32":0,"34":0,"36":0,"37":0,"41":0,"43":0,"46":1,"47":0,"50":1,"51":0,"52":0,"54":0,"56":0,"60":1,"61":0,"62":0,"64":0,"66":0,"67":0,"69":0,"70":0,"71":0,"73":0,"74":0,"79":0,"83":1,"85":0,"87":0,"88":0,"89":0,"91":0,"92":0,"94":0,"96":0,"98":0,"100":0,"101":0,"102":0,"103":0,"104":0,"105":0,"108":0,"109":0,"112":0,"113":0,"117":0,"118":0,"121":0,"123":0,"124":0,"127":0,"128":0,"131":0,"132":0,"133":0,"136":0,"138":0,"142":0,"143":0,"144":0,"145":0,"147":0,"150":0,"154":1,"155":0,"156":0,"158":0,"159":0,"163":0,"166":1,"167":0,"183":1,"184":1,"185":0,"188":1,"189":0,"190":0,"191":0,"194":0,"201":1,"202":1,"203":0,"206":1,"207":0,"211":1,"212":0,"215":1,"217":1,"218":0,"231":0,"232":0,"235":0,"236":0,"237":0,"239":0,"241":0,"250":0,"251":0,"253":0,"254":0,"259":0,"260":0,"262":0,"263":0,"267":0,"268":0,"272":1,"273":0,"274":0,"277":0,"280":1,"281":0,"283":0,"284":0,"287":0,"288":0,"289":0,"290":0,"292":0,"293":0,"294":0,"296":0,"297":0,"300":0,"301":0,"304":0,"305":0,"306":0,"310":0,"311":0,"314":0,"315":0,"316":0,"317":0,"321":1,"322":0,"323":0,"324":0,"325":0,"326":0,"328":0,"329":0,"330":0,"332":0,"333":0,"334":0,"335":0,"336":0,"337":0,"338":0,"340":0,"343":0,"344":0,"349":0,"352":0,"353":0,"354":0,"356":0,"358":0,"363":0,"364":0,"366":0,"367":0,"370":0,"376":1,"377":0,"378":0,"379":0,"383":1,"384":0,"385":0,"388":1,"389":0,"390":0,"391":0,"393":0,"394":0,"397":0,"399":0,"401":0,"405":1,"406":0,"408":0,"409":0,"410":0,"414":1,"415":0,"417":0,"418":0,"419":0,"423":1,"424":0,"427":0,"430":0,"432":0,"435":1,"436":0,"437":0,"439":0,"443":0,"444":0,"446":0,"447":0,"448":0,"450":0,"454":0,"458":1,"459":0,"461":0,"463":0,"466":0,"471":0,"473":0,"476":0,"480":0,"482":0,"485":0,"491":1,"492":0,"504":0,"517":1,"518":1,"519":1,"520":1,"521":1,"522":1}},"/home/travis/build/npmtest/node-npmtest-react-helmet/node_modules/react-helmet/lib/HelmetConstants.js":{"path":"/home/travis/build/npmtest/node-npmtest-react-helmet/node_modules/react-helmet/lib/HelmetConstants.js","s":{"1":1,"2":1,"3":1,"4":1,"5":10,"6":1,"7":1,"8":1,"9":1,"10":8,"11":8,"12":1,"13":1},"b":{},"f":{"1":10,"2":8},"fnMap":{"1":{"name":"(anonymous_1)","line":21,"loc":{"start":{"line":21,"column":75},"end":{"line":21,"column":91}}},"2":{"name":"(anonymous_2)","line":56,"loc":{"start":{"line":56,"column":76},"end":{"line":56,"column":96}}}},"statementMap":{"1":{"start":{"line":1,"column":0},"end":{"line":1,"column":26}},"2":{"start":{"line":2,"column":0},"end":{"line":6,"column":2}},"3":{"start":{"line":8,"column":0},"end":{"line":19,"column":2}},"4":{"start":{"line":21,"column":0},"end":{"line":23,"column":3}},"5":{"start":{"line":22,"column":4},"end":{"line":22,"column":27}},"6":{"start":{"line":25,"column":0},"end":{"line":36,"column":2}},"7":{"start":{"line":38,"column":0},"end":{"line":47,"column":2}},"8":{"start":{"line":49,"column":0},"end":{"line":54,"column":2}},"9":{"start":{"line":56,"column":0},"end":{"line":59,"column":7}},"10":{"start":{"line":57,"column":4},"end":{"line":57,"column":34}},"11":{"start":{"line":58,"column":4},"end":{"line":58,"column":15}},"12":{"start":{"line":61,"column":0},"end":{"line":61,"column":108}},"13":{"start":{"line":63,"column":0},"end":{"line":63,"column":70}}},"branchMap":{},"code":["exports.__esModule = true;","var ATTRIBUTE_NAMES = exports.ATTRIBUTE_NAMES = {","    BODY: \"bodyAttributes\",","    HTML: \"htmlAttributes\",","    TITLE: \"titleAttributes\"","};","","var TAG_NAMES = exports.TAG_NAMES = {","    BASE: \"base\",","    BODY: \"body\",","    HEAD: \"head\",","    HTML: \"html\",","    LINK: \"link\",","    META: \"meta\",","    NOSCRIPT: \"noscript\",","    SCRIPT: \"script\",","    STYLE: \"style\",","    TITLE: \"title\"","};","","var VALID_TAG_NAMES = exports.VALID_TAG_NAMES = Object.keys(TAG_NAMES).map(function (name) {","    return TAG_NAMES[name];","});","","var TAG_PROPERTIES = exports.TAG_PROPERTIES = {","    CHARSET: \"charset\",","    CSS_TEXT: \"cssText\",","    HREF: \"href\",","    HTTPEQUIV: \"http-equiv\",","    INNER_HTML: \"innerHTML\",","    ITEM_PROP: \"itemprop\",","    NAME: \"name\",","    PROPERTY: \"property\",","    REL: \"rel\",","    SRC: \"src\"","};","","var REACT_TAG_MAP = exports.REACT_TAG_MAP = {","    \"accesskey\": \"accessKey\",","    \"charset\": \"charSet\",","    \"class\": \"className\",","    \"contenteditable\": \"contentEditable\",","    \"contextmenu\": \"contextMenu\",","    \"http-equiv\": \"httpEquiv\",","    \"itemprop\": \"itemProp\",","    \"tabindex\": \"tabIndex\"","};","","var HELMET_PROPS = exports.HELMET_PROPS = {","    DEFAULT_TITLE: \"defaultTitle\",","    ENCODE_SPECIAL_CHARACTERS: \"encodeSpecialCharacters\",","    ON_CHANGE_CLIENT_STATE: \"onChangeClientState\",","    TITLE_TEMPLATE: \"titleTemplate\"","};","","var HTML_TAG_MAP = exports.HTML_TAG_MAP = Object.keys(REACT_TAG_MAP).reduce(function (obj, key) {","    obj[REACT_TAG_MAP[key]] = key;","    return obj;","}, {});","","var SELF_CLOSING_TAGS = exports.SELF_CLOSING_TAGS = [TAG_NAMES.NOSCRIPT, TAG_NAMES.SCRIPT, TAG_NAMES.STYLE];","","var HELMET_ATTRIBUTE = exports.HELMET_ATTRIBUTE = \"data-react-helmet\";"],"l":{"1":1,"2":1,"8":1,"21":1,"22":10,"25":1,"38":1,"49":1,"56":1,"57":8,"58":8,"61":1,"63":1}}}